2025-07-22 09:00:01 [INFO] [collection_engine.py:84] - Database process finished.
2025-07-22 09:00:01 [INFO] [collection_engine.py:85] - Analysis finished.
2025-07-22 09:00:01 [INFO] [ms_multi_process.py:61] - L2CacheParser process data finished, execute time is 0.011 s
2025-07-22 09:00:01 [INFO] [ms_multi_process.py:61] - ParsingNicData process data finished, execute time is 0.009 s
2025-07-22 09:00:01 [INFO] [ms_multi_process.py:61] - ParsingPeripheralData process data finished, execute time is 0.011 s
2025-07-22 09:00:01 [INFO] [ms_multi_process.py:61] - ParsingRoceData process data finished, execute time is 0.009 s
2025-07-22 09:00:01 [INFO] [ms_multi_process.py:61] - ParsingRuntimeData process data finished, execute time is 0.016 s
2025-07-22 09:00:01 [INFO] [ms_multi_process.py:61] - ParsingTSData process data finished, execute time is 0.011 s
2025-07-22 09:00:01 [INFO] [ms_multi_process.py:61] - ParsingAICPUData process data finished, execute time is 0.011 s
2025-07-22 09:00:01 [INFO] [ms_multi_process.py:61] - ParsingCtrlCPUData process data finished, execute time is 0.010 s
2025-07-22 09:00:01 [INFO] [ms_multi_process.py:61] - ParsingMemoryData process data finished, execute time is 0.010 s
2025-07-22 09:00:01 [INFO] [ms_multi_process.py:61] - ParsingCpuUsageData process data finished, execute time is 0.011 s
2025-07-22 09:00:01 [INFO] [ms_multi_process.py:61] - ParsingPcieData process data finished, execute time is 0.012 s
2025-07-22 09:00:01 [INFO] [ms_multi_process.py:61] - ParsingQosData process data finished, execute time is 0.010 s
2025-07-22 09:00:01 [INFO] [ms_multi_process.py:61] - ParsingHBMData process data finished, execute time is 0.012 s
2025-07-22 09:00:01 [INFO] [ms_multi_process.py:61] - NonMiniLLCParser process data finished, execute time is 0.011 s
2025-07-22 09:00:01 [INFO] [ms_multi_process.py:61] - ParsingHCCSData process data finished, execute time is 0.011 s
2025-07-22 09:00:01 [INFO] [ms_multi_process.py:61] - ParsingFftsAICoreSampleData process data finished, execute time is 0.010 s
2025-07-22 09:00:02 [INFO] [ms_multi_process.py:61] - BiuPerfParser process data finished, execute time is 0.011 s
2025-07-22 09:00:02 [INFO] [ms_multi_process.py:61] - SocProfilerParser process data finished, execute time is 0.011 s
2025-07-22 09:00:02 [INFO] [ms_time_parser.py:104] - Start parsing sync data ...
2025-07-22 09:00:02 [WARNING] [data_preparation_parser.py:92] - No data preparation data, data list is empty!
2025-07-22 09:00:02 [INFO] [data_preparation_parser.py:105] - Parsing data preparation has finished.
2025-07-22 09:00:02 [INFO] [ms_multi_process.py:61] - DataPreparationParser process data finished, execute time is 0.011 s
2025-07-22 09:00:02 [INFO] [ms_time_parser.py:107] - Parsing sync data finished...
2025-07-22 09:00:02 [INFO] [ms_multi_process.py:61] - ParallelStrategyParser process data finished, execute time is 0.012 s
2025-07-22 09:00:02 [INFO] [ms_multi_process.py:61] - NpuMemParser process data finished, execute time is 0.012 s
2025-07-22 09:00:02 [INFO] [ms_multi_process.py:61] - NpuModuleMemParser process data finished, execute time is 0.011 s
2025-07-22 09:00:02 [INFO] [ms_multi_process.py:61] - AicpuAddInfoParser process data finished, execute time is 0.011 s
2025-07-22 09:00:02 [INFO] [ms_multi_process.py:61] - MsTimeParser process data finished, execute time is 0.041 s
2025-07-22 09:00:02 [INFO] [ms_multi_process.py:61] - TstrackParser process data finished, execute time is 0.009 s
2025-07-22 09:00:02 [WARNING] [base_model.py:59] - Failed to connect database, please check database of step_trace. 
2025-07-22 09:00:02 [INFO] [ms_multi_process.py:61] - HCCLOperatiorParser process data finished, execute time is 0.008 s
2025-07-22 09:00:02 [INFO] [ms_multi_process.py:61] - AicpuBinDataParser process data finished, execute time is 0.011 s
2025-07-22 09:00:02 [INFO] [ms_multi_process.py:61] - ParallelParser process data finished, execute time is 0.008 s
2025-07-22 09:00:02 [INFO] [msprof_c_interface.py:37] - Device Data will be parsed by msprof_analysis.so!
2025-07-22 09:00:02 [WARNING] [base_model.py:59] - Failed to connect database, please check database of step_trace. 
2025-07-22 09:00:02 [WARNING] [base_model.py:59] - Failed to connect database, please check database of step_trace. 
2025-07-22 09:00:02 [INFO] [profiling_scene.py:70] - Current scene of data is based on single_op
2025-07-22 09:00:02 [INFO] [ms_multi_process.py:61] - L2CacheCalculator process data finished, execute time is 0.009 s
2025-07-22 09:00:02 [INFO] [ms_multi_process.py:61] - MemcpyCalculator process data finished, execute time is 0.009 s
2025-07-22 09:00:02 [INFO] [ms_multi_process.py:61] - StarsIterRecCalculator process data finished, execute time is 0.008 s
2025-07-22 09:00:02 [WARNING] [biu_monitor_calculator.py:98] - Biu flow data or biu cycles data list is empty!
2025-07-22 09:00:02 [WARNING] [biu_monitor_calculator.py:98] - Biu flow data or biu cycles data list is empty!
2025-07-22 09:00:02 [INFO] [ms_multi_process.py:61] - BiuPerfCalculator process data finished, execute time is 0.019 s
2025-07-22 09:00:02 [WARNING] [base_model.py:63] - Table TsBlockDim not found.
2025-07-22 09:00:02 [INFO] [ms_multi_process.py:61] - BlockDimCalculator process data finished, execute time is 0.057 s
2025-07-22 09:00:02 [INFO] [ms_multi_process.py:61] - KfcCalculator process data finished, execute time is 0.008 s
2025-07-22 09:00:02 [INFO] [ms_multi_process.py:61] - ParseAiCoreOpSummaryCalculator process data finished, execute time is 0.007 s
2025-07-22 09:00:02 [INFO] [ms_multi_process.py:61] - MergeOpCounterCalculator process data finished, execute time is 0.008 s
2025-07-22 09:00:02 [INFO] [ms_multi_process.py:61] - OpCounterOpSceneCalculator process data finished, execute time is 0.203 s
2025-07-22 09:00:02 [INFO] [ms_multi_process.py:61] - OpSummaryOpSceneCalculator process data finished, execute time is 0.296 s
2025-07-22 09:00:02 [INFO] [msprof_c_interface.py:51] - Data will be export by msprof_analysis.so!
2025-07-22 09:00:04 [WARNING] [file_manager.py:87] - Data has been analyzed, path is /root/work/filestorage/wwg/Grounded-SAM-2/outputs/adetailer/dl-e1fac0b2e30f36708a84ef5ffe35db5e-r0-4e49af3ba7d1-0_69_20250722005956139_ascend_pt/PROF_000001_20250722085956147_RCGCGPKNBFQLPMEA/device_0, there are ['ai_core_op_summary.db', 'time.db', 'freq.db', 'op_counter.db', 'metric_summary.db', 'ascend_task.db', 'biu_perf.db', 'step_trace.db'] in sqlite.
2025-07-22 09:00:04 [WARNING] [msprof_export.py:445] - File all_file.complete already exists. All data will be exported from db in sqlite. Path is /root/work/filestorage/wwg/Grounded-SAM-2/outputs/adetailer/dl-e1fac0b2e30f36708a84ef5ffe35db5e-r0-4e49af3ba7d1-0_69_20250722005956139_ascend_pt/PROF_000001_20250722085956147_RCGCGPKNBFQLPMEA/device_0 
2025-07-22 09:00:04 [WARNING] [base_model.py:63] - Table step_trace_data not found.
2025-07-22 09:00:04 [WARNING] [base_model.py:63] - Table step_trace_data not found.
2025-07-22 09:00:04 [INFO] [profiling_scene.py:70] - Current scene of data is based on single_op
2025-07-22 09:00:04 [INFO] [ms_multi_process.py:61] - L2CacheCalculator process data finished, execute time is 0.009 s
2025-07-22 09:00:04 [INFO] [ms_multi_process.py:61] - MemcpyCalculator process data finished, execute time is 0.012 s
2025-07-22 09:00:04 [INFO] [ms_multi_process.py:61] - StarsIterRecCalculator process data finished, execute time is 0.008 s
2025-07-22 09:00:04 [WARNING] [biu_monitor_calculator.py:98] - Biu flow data or biu cycles data list is empty!
2025-07-22 09:00:04 [WARNING] [biu_monitor_calculator.py:98] - Biu flow data or biu cycles data list is empty!
2025-07-22 09:00:04 [INFO] [ms_multi_process.py:61] - BiuPerfCalculator process data finished, execute time is 0.019 s
2025-07-22 09:00:04 [WARNING] [base_model.py:63] - Table TsBlockDim not found.
2025-07-22 09:00:04 [INFO] [ms_multi_process.py:61] - BlockDimCalculator process data finished, execute time is 0.054 s
2025-07-22 09:00:04 [INFO] [ms_multi_process.py:61] - KfcCalculator process data finished, execute time is 0.008 s
2025-07-22 09:00:04 [INFO] [ms_multi_process.py:61] - ParseAiCoreOpSummaryCalculator process data finished, execute time is 0.008 s
2025-07-22 09:00:04 [INFO] [op_summary_op_scene_calculator.py:67] - The db ai_core_op_summary.db already exists, and won't create again.
2025-07-22 09:00:04 [INFO] [ms_multi_process.py:61] - OpSummaryOpSceneCalculator process data finished, execute time is 0.008 s
2025-07-22 09:00:04 [INFO] [ms_multi_process.py:61] - MergeOpCounterCalculator process data finished, execute time is 0.007 s
2025-07-22 09:00:04 [INFO] [ms_multi_process.py:61] - OpCounterOpSceneCalculator process data finished, execute time is 0.008 s
2025-07-22 09:00:04 [INFO] [msprof_c_interface.py:58] - Op Summary will be export by msprof_analysis.so!
2025-07-22 09:00:05 [WARNING] [base_model.py:63] - Table step_trace_data not found.
2025-07-22 09:00:05 [WARNING] [base_model.py:63] - Table step_trace_data not found.
2025-07-22 09:00:05 [INFO] [profiling_scene.py:70] - Current scene of data is based on single_op
2025-07-22 09:00:05 [INFO] [task_op_viewer.py:48] - There are 3098 records before task_time data filtering, timestamp is 1753145996323693
2025-07-22 09:00:05 [INFO] [task_op_viewer.py:50] - There are 3097 records after task_time data filtering.
