2025-07-22 09:00:01 [INFO] [ms_multi_process.py:61] - CpuUsageAnalysis process data finished, execute time is 0.011 s
2025-07-22 09:00:01 [INFO] [ms_multi_process.py:61] - MemUsageAnalysis process data finished, execute time is 0.011 s
2025-07-22 09:00:01 [INFO] [ms_multi_process.py:61] - NetworkUsageAnalysis process data finished, execute time is 0.010 s
2025-07-22 09:00:01 [INFO] [ms_multi_process.py:61] - DiskUsageAnalysis process data finished, execute time is 0.012 s
2025-07-22 09:00:01 [INFO] [ms_multi_process.py:61] - HostSyscallAnalysis process data finished, execute time is 0.011 s
2025-07-22 09:00:01 [INFO] [collection_engine.py:84] - Database process finished.
2025-07-22 09:00:01 [INFO] [collection_engine.py:85] - Analysis finished.
2025-07-22 09:00:01 [INFO] [ms_multi_process.py:61] - ParsingMemoryData process data finished, execute time is 0.009 s
2025-07-22 09:00:01 [INFO] [ms_multi_process.py:61] - GeLogicStreamParser process data finished, execute time is 0.010 s
2025-07-22 09:00:01 [INFO] [ms_time_parser.py:104] - Start parsing sync data ...
2025-07-22 09:00:01 [INFO] [ms_multi_process.py:61] - ParsingCpuUsageData process data finished, execute time is 0.009 s
2025-07-22 09:00:01 [INFO] [ms_multi_process.py:61] - NpuOpMemParser process data finished, execute time is 0.007 s
2025-07-22 09:00:01 [WARNING] [data_preparation_parser.py:92] - No data preparation data, data list is empty!
2025-07-22 09:00:01 [INFO] [data_preparation_parser.py:105] - Parsing data preparation has finished.
2025-07-22 09:00:01 [INFO] [ms_multi_process.py:61] - DataPreparationParser process data finished, execute time is 0.009 s
2025-07-22 09:00:01 [INFO] [ms_multi_process.py:61] - Mc2CommInfoParser process data finished, execute time is 0.009 s
2025-07-22 09:00:01 [INFO] [ms_time_parser.py:107] - Parsing sync data finished...
2025-07-22 09:00:01 [INFO] [ms_multi_process.py:61] - MsTimeParser process data finished, execute time is 0.033 s
2025-07-22 09:00:01 [INFO] [ms_multi_process.py:61] - HCCLOperatiorParser process data finished, execute time is 0.008 s
2025-07-22 09:00:01 [INFO] [cann_calculator.py:68] - start to analysis cann software callstack
2025-07-22 09:00:01 [INFO] [msprof_c_interface.py:30] - Data will be parsed by msprof_analysis.so!
2025-07-22 09:00:01 [INFO] [ms_multi_process.py:61] - CANNCalculator process data finished, execute time is 0.326 s
2025-07-22 09:00:01 [INFO] [ms_multi_process.py:61] - MsprofTxParser process data finished, execute time is 0.012 s
2025-07-22 09:00:01 [INFO] [ms_multi_process.py:61] - StaticOpMemParser process data finished, execute time is 0.010 s
2025-07-22 09:00:02 [INFO] [ms_multi_process.py:61] - NpuOpMemCalculator process data finished, execute time is 0.009 s
2025-07-22 09:00:04 [WARNING] [file_manager.py:87] - Data has been analyzed, path is /root/work/filestorage/wwg/Grounded-SAM-2/outputs/adetailer/dl-e1fac0b2e30f36708a84ef5ffe35db5e-r0-4e49af3ba7d1-0_69_20250722005956139_ascend_pt/PROF_000001_20250722085956147_RCGCGPKNBFQLPMEA/host, there are ['time.db', 'ge_hash.db', 'ge_info.db', 'api_event.db', 'runtime.db'] in sqlite.
2025-07-22 09:00:04 [WARNING] [msprof_export.py:445] - File all_file.complete already exists. All data will be exported from db in sqlite. Path is /root/work/filestorage/wwg/Grounded-SAM-2/outputs/adetailer/dl-e1fac0b2e30f36708a84ef5ffe35db5e-r0-4e49af3ba7d1-0_69_20250722005956139_ascend_pt/PROF_000001_20250722085956147_RCGCGPKNBFQLPMEA/host 
2025-07-22 09:00:04 [INFO] [ms_multi_process.py:61] - NpuOpMemCalculator process data finished, execute time is 0.007 s
