2025-07-22 09:00:02 [INFO] [1390] [1390] [time_logger.h:28] DeviceContextEntry  start
2025-07-22 09:00:02 [INFO] [1390] [1396] [parser.cpp:120] notify: no files pattern, don't need to parse
2025-07-22 09:00:02 [INFO] [1390] [1396] [ts_track_parser.cpp:65] TsTrack structCount: 0
2025-07-22 09:00:02 [INFO] [1390] [1396] [parser.cpp:177] Parser is completed!
2025-07-22 09:00:02 [INFO] [1390] [1392] [parser.cpp:51] loop: /root/work/filestorage/wwg/Grounded-SAM-2/outputs/adetailer/dl-e1fac0b2e30f36708a84ef5ffe35db5e-r0-4e49af3ba7d1-0_69_20250722005956139_ascend_pt/PROF_000001_20250722085956147_RCGCGPKNBFQLPMEA/device_0/data/lpmFreqConv.data.0.slice_0, file size: 1776
2025-07-22 09:00:02 [INFO] [1390] [1392] [parser.cpp:54] total size: 1776
2025-07-22 09:00:02 [INFO] [1390] [1392] [parser.cpp:159] Parse filePrefix is: lpmFreqConv., the number of files is: 1, and the total size of all files is: 1776
2025-07-22 09:00:02 [INFO] [1390] [1395] [parser.cpp:51] loop: /root/work/filestorage/wwg/Grounded-SAM-2/outputs/adetailer/dl-e1fac0b2e30f36708a84ef5ffe35db5e-r0-4e49af3ba7d1-0_69_20250722005956139_ascend_pt/PROF_000001_20250722085956147_RCGCGPKNBFQLPMEA/device_0/data/stars_soc.data.0.slice_0, file size: 410240
2025-07-22 09:00:02 [INFO] [1390] [1395] [parser.cpp:54] total size: 410240
2025-07-22 09:00:02 [INFO] [1390] [1395] [parser.cpp:159] Parse filePrefix is: stars_soc., the number of files is: 1, and the total size of all files is: 410240
2025-07-22 09:00:02 [INFO] [1390] [1393] [parser.cpp:51] loop: /root/work/filestorage/wwg/Grounded-SAM-2/outputs/adetailer/dl-e1fac0b2e30f36708a84ef5ffe35db5e-r0-4e49af3ba7d1-0_69_20250722005956139_ascend_pt/PROF_000001_20250722085956147_RCGCGPKNBFQLPMEA/device_0/data/ffts_profile.data.0.slice_0, file size: 403968
2025-07-22 09:00:02 [INFO] [1390] [1393] [parser.cpp:54] total size: 403968
2025-07-22 09:00:02 [INFO] [1390] [1393] [parser.cpp:159] Parse filePrefix is: ffts_profile, the number of files is: 1, and the total size of all files is: 403968
2025-07-22 09:00:02 [INFO] [1390] [1392] [parser.cpp:87] Data has been read to the memory successfully!
2025-07-22 09:00:02 [INFO] [1390] [1392] [freq_parser.cpp:67] FreqProfileData structCount is : 2
2025-07-22 09:00:02 [INFO] [1390] [1392] [freq_parser.cpp:95] Freq.data parser is completed, begin to save data into dataInventory!
2025-07-22 09:00:02 [INFO] [1390] [1392] [parser.cpp:177] Parser is completed!
2025-07-22 09:00:02 [INFO] [1390] [1395] [parser.cpp:87] Data has been read to the memory successfully!
2025-07-22 09:00:02 [INFO] [1390] [1395] [stars_soc_parser.cpp:73] StarsSoc structCount: 6410
2025-07-22 09:00:02 [INFO] [1390] [1393] [parser.cpp:87] Data has been read to the memory successfully!
2025-07-22 09:00:02 [INFO] [1390] [1393] [ffts_profile_parser.cpp:75] FftsProfileData structCount is : 3156
2025-07-22 09:00:02 [INFO] [1390] [1393] [ffts_profile_parser.cpp:89] Ffts_profile.data parser is completed, begin to save data into dataInventory!
2025-07-22 09:00:02 [INFO] [1390] [1393] [parser.cpp:177] Parser is completed!
2025-07-22 09:00:02 [INFO] [1390] [1395] [parser.cpp:177] Parser is completed!
2025-07-22 09:00:02 [INFO] [1390] [1391] [process_control.cpp:189] Level[0]Release Data Types: 
2025-07-22 09:00:02 [INFO] [1390] [1398] [freq_persistence.cpp:46] Start to process /root/work/filestorage/wwg/Grounded-SAM-2/outputs/adetailer/dl-e1fac0b2e30f36708a84ef5ffe35db5e-r0-4e49af3ba7d1-0_69_20250722005956139_ascend_pt/PROF_000001_20250722085956147_RCGCGPKNBFQLPMEA/device_0/sqlite/freq.db.
2025-07-22 09:00:02 [INFO] [1390] [1399] [acc_pmu_persistence.cpp:57] Start to process /root/work/filestorage/wwg/Grounded-SAM-2/outputs/adetailer/dl-e1fac0b2e30f36708a84ef5ffe35db5e-r0-4e49af3ba7d1-0_69_20250722005956139_ascend_pt/PROF_000001_20250722085956147_RCGCGPKNBFQLPMEA/device_0/sqlite/acc_pmu.db.
2025-07-22 09:00:02 [INFO] [1390] [1400] [time_logger.h:28] LogModeling::SplitLogGroups  start
2025-07-22 09:00:02 [INFO] [1390] [1398] [persistence_utils.h:39] Processor Save FreqParse Data.
2025-07-22 09:00:02 [INFO] [1390] [1401] [step_trace_process.cpp:197] Start to process step trace data
2025-07-22 09:00:02 [INFO] [1390] [1397] [pmu_modeling.cpp:48] PMU modeling has done!
2025-07-22 09:00:02 [INFO] [1390] [1398] [db_runner.cpp:45] Start create FreqParse
2025-07-22 09:00:02 [INFO] [1390] [1399] [acc_pmu_persistence.cpp:61] There is no acc pmu data don't need to persistence!
2025-07-22 09:00:02 [WARN] [1390] [1401] [step_trace_process.cpp:200] stepData is empty
2025-07-22 09:00:02 [INFO] [1390] [1400] [time_logger.h:35] LogModeling::SplitLogGroups  end, cost time = 0 ms
2025-07-22 09:00:02 [INFO] [1390] [1400] [log_modeling.cpp:152] HalLogData size:6410
2025-07-22 09:00:02 [INFO] [1390] [1400] [log_modeling.cpp:153] acsqS stream:2, total:3098
2025-07-22 09:00:02 [INFO] [1390] [1400] [log_modeling.cpp:154] acsqE stream:2, total:3098
2025-07-22 09:00:02 [INFO] [1390] [1400] [log_modeling.cpp:155] fftsS stream:1, total:107
2025-07-22 09:00:02 [INFO] [1390] [1400] [log_modeling.cpp:156] fftsE stream:1, total:107
2025-07-22 09:00:02 [INFO] [1390] [1400] [time_logger.h:28] LogModeling::AddToDeviceTask  start
2025-07-22 09:00:02 [INFO] [1390] [1400] [log_modeling.cpp:224] ACSQ matched count:3098
2025-07-22 09:00:02 [INFO] [1390] [1400] [log_modeling.cpp:234] FFTS matched count:107
2025-07-22 09:00:02 [INFO] [1390] [1400] [time_logger.h:35] LogModeling::AddToDeviceTask  end, cost time = 3 ms
2025-07-22 09:00:02 [INFO] [1390] [1398] [db_runner.cpp:54] create FreqParse success
2025-07-22 09:00:02 [INFO] [1390] [1398] [db_runner.h:57] Start insert data to FreqParse
2025-07-22 09:00:02 [INFO] [1390] [1398] [db_runner.h:64] insert data to FreqParse success
2025-07-22 09:00:02 [INFO] [1390] [1398] [freq_persistence.cpp:55] Process FreqParse done!
2025-07-22 09:00:02 [INFO] [1390] [1391] [process_control.cpp:189] Level[1]Release Data Types: St6vectorIN8Analysis6Domain10HalLogDataESaIS2_EE St6vectorIN8Analysis6Domain12HalTrackDataESaIS2_EE 
2025-07-22 09:00:02 [INFO] [1390] [1402] [db_runner.h:71] Start query data
2025-07-22 09:00:02 [INFO] [1390] [1402] [db_runner.h:78] Query data success: SELECT stream_id, request_id, batch_id, task_id, context_ids, model_id, task_type, connection_id FROM HostTask where device_id = 0
2025-07-22 09:00:02 [INFO] [1390] [1402] [db_runner.h:71] Start query data
2025-07-22 09:00:02 [INFO] [1390] [1402] [db_runner.h:78] Query data success: SELECT stream_id, batch_id, task_id, context_id, block_dim, mix_block_dim FROM TaskInfo where device_id = 0
2025-07-22 09:00:02 [INFO] [1390] [1402] [load_host_data.cpp:101] Read host geinfo 0 not in table.
2025-07-22 09:00:02 [WARN] [1390] [1402] [load_host_data.cpp:52] There is no /root/work/filestorage/wwg/Grounded-SAM-2/outputs/adetailer/dl-e1fac0b2e30f36708a84ef5ffe35db5e-r0-4e49af3ba7d1-0_69_20250722005956139_ascend_pt/PROF_000001_20250722085956147_RCGCGPKNBFQLPMEA/device_0/..///host//sqlite/hccl.db
2025-07-22 09:00:02 [WARN] [1390] [1402] [load_host_data.cpp:52] There is no /root/work/filestorage/wwg/Grounded-SAM-2/outputs/adetailer/dl-e1fac0b2e30f36708a84ef5ffe35db5e-r0-4e49af3ba7d1-0_69_20250722005956139_ascend_pt/PROF_000001_20250722085956147_RCGCGPKNBFQLPMEA/device_0/..///host//sqlite/hccl.db
2025-07-22 09:00:02 [INFO] [1390] [1391] [process_control.cpp:189] Level[2]Release Data Types: 
2025-07-22 09:00:02 [INFO] [1390] [1403] [pmu_association.cpp:38] context pmu count is : 3060
2025-07-22 09:00:02 [INFO] [1390] [1403] [pmu_association.cpp:39] block pmu count is : 96
2025-07-22 09:00:02 [INFO] [1390] [1403] [pmu_association.cpp:246] The acceleratorType of PMU is MIX
2025-07-22 09:00:02 [INFO] [1390] [1403] [pmu_association.cpp:186] Context PMU has been calculated!
2025-07-22 09:00:02 [INFO] [1390] [1404] [ascend_task_association.cpp:184] Found 3205 host device matched task, generate 3205 topDownTask
2025-07-22 09:00:02 [INFO] [1390] [1391] [process_control.cpp:189] Level[3]Release Data Types: St3mapIN8Analysis6Domain6TaskIdESt6vectorINS1_8HostTaskESaIS4_EESt4lessIS2_ESaISt4pairIKS2_S6_EEE St6vectorIN8Analysis6Domain10HalPmuDataESaIS2_EE St6vectorIN8Analysis6Domain14HalFreqLpmDataESaIS2_EE 
2025-07-22 09:00:02 [INFO] [1390] [1405] [hccl_calculator.cpp:51] Start Hccl calculator ProcessEntry.
2025-07-22 09:00:02 [INFO] [1390] [1405] [hccl_calculator.cpp:71] Start Hccl calculator GetHcclData.
2025-07-22 09:00:02 [INFO] [1390] [1405] [hccl_calculator.cpp:100] Start merge hccl task and ascend task.
2025-07-22 09:00:02 [INFO] [1390] [1406] [metric_summary_persistence.cpp:273] Start to process /root/work/filestorage/wwg/Grounded-SAM-2/outputs/adetailer/dl-e1fac0b2e30f36708a84ef5ffe35db5e-r0-4e49af3ba7d1-0_69_20250722005956139_ascend_pt/PROF_000001_20250722085956147_RCGCGPKNBFQLPMEA/device_0/sqlite/metric_summary.db.
2025-07-22 09:00:02 [INFO] [1390] [1406] [db_runner.cpp:45] Start create MetricSummary
2025-07-22 09:00:02 [INFO] [1390] [1405] [hccl_calculator.cpp:199] Start merge hccl op data.
2025-07-22 09:00:02 [INFO] [1390] [1405] [hccl_calculator.cpp:268] Start UpdateHcclOpNameByGroupName.
2025-07-22 09:00:02 [INFO] [1390] [1405] [hccl_calculator.cpp:294] Start UpdateHcclBandwidth.
2025-07-22 09:00:02 [INFO] [1390] [1405] [hccl_calculator.cpp:370] Start GetHcclStatisticsData.
2025-07-22 09:00:02 [WARN] [1390] [1405] [hccl_calculator.cpp:372] No op type in hccl data.
2025-07-22 09:00:02 [INFO] [1390] [1405] [hccl_calculator.cpp:427] Start inject hccl data.
2025-07-22 09:00:02 [INFO] [1390] [1406] [db_runner.cpp:54] create MetricSummary success
2025-07-22 09:00:02 [INFO] [1390] [1406] [metric_summary_persistence.cpp:281] Process MetricSummary done!
2025-07-22 09:00:02 [INFO] [1390] [1391] [process_control.cpp:189] Level[4]Release Data Types: St3mapIN8Analysis6Domain6TaskIdESt6vectorINS1_10DeviceTaskESaIS4_EESt4lessIS2_ESaISt4pairIKS2_S6_EEE St6vectorIN8Analysis6Domain8HcclTaskESaIS2_EE 
2025-07-22 09:00:02 [INFO] [1390] [1408] [device_hccl_persistence.cpp:129] Start to dump device hccl data.
2025-07-22 09:00:02 [INFO] [1390] [1407] [ascend_task_persistence.cpp:72] Start to process /root/work/filestorage/wwg/Grounded-SAM-2/outputs/adetailer/dl-e1fac0b2e30f36708a84ef5ffe35db5e-r0-4e49af3ba7d1-0_69_20250722005956139_ascend_pt/PROF_000001_20250722085956147_RCGCGPKNBFQLPMEA/device_0/sqlite/ascend_task.db.
2025-07-22 09:00:02 [WARN] [1390] [1408] [device_hccl_persistence.cpp:48] Hccl op data is empty.
2025-07-22 09:00:02 [WARN] [1390] [1408] [device_hccl_persistence.cpp:76] Hccl task data is empty.
2025-07-22 09:00:02 [WARN] [1390] [1408] [device_hccl_persistence.cpp:108] Hccl statistics data is empty.
2025-07-22 09:00:02 [INFO] [1390] [1407] [persistence_utils.h:39] Processor Save AscendTask Data.
2025-07-22 09:00:02 [INFO] [1390] [1407] [db_runner.cpp:45] Start create AscendTask
2025-07-22 09:00:02 [INFO] [1390] [1407] [db_runner.cpp:54] create AscendTask success
2025-07-22 09:00:02 [INFO] [1390] [1407] [db_runner.h:57] Start insert data to AscendTask
2025-07-22 09:00:02 [INFO] [1390] [1407] [db_runner.h:64] insert data to AscendTask success
2025-07-22 09:00:02 [INFO] [1390] [1407] [ascend_task_persistence.cpp:81] Process AscendTask done!
2025-07-22 09:00:02 [INFO] [1390] [1391] [process_control.cpp:189] Level[5]Release Data Types: St6vectorI11TopDownTaskSaIS0_EE St6vectorIN8Analysis6Domain14DeviceHcclTaskESaIS2_EE St6vectorIN8Analysis6Domain14HcclStatisticsESaIS2_EE St6vectorIN8Analysis6Domain6HcclOpESaIS2_EE 
2025-07-22 09:00:02 [INFO] [1390] [1390] [device_context.cpp:135] stat info: ===============================================================================
deivce file in /root/work/filestorage/wwg/Grounded-SAM-2/outputs/adetailer/dl-e1fac0b2e30f36708a84ef5ffe35db5e-r0-4e49af3ba7d1-0_69_20250722005956139_ascend_pt/PROF_000001_20250722085956147_RCGCGPKNBFQLPMEA/device_0
chip id: 5, process levels:6
-------------------------------------------------------------------------------
level[0] generalResult:true, process num:5
	process0[FreqParser]:return: 0x0, mandatory:true
		dependProcessNames: 
		startTime:8527945749229 us, duration: 3520 us
	process1[StarsSocParser]:return: 0x0, mandatory:true
		dependProcessNames: 
		startTime:8527945749308 us, duration: 13316 us
	process2[DeviceTaskProcess]:return: 0x0, mandatory:true
		dependProcessNames: 
		startTime:8527945749345 us, duration: 686 us
	process3[FftsProfileParser]:return: 0x0, mandatory:true
		dependProcessNames: 
		startTime:8527945749402 us, duration: 8374 us
	process4[TsTrackParser]:return: 0x0, mandatory:true
		dependProcessNames: 
		startTime:8527945749433 us, duration: 1764 us
-------------------------------------------------------------------------------
level[1] generalResult:true, process num:5
	process0[FreqPersistence]:return: 0x0, mandatory:true
		dependProcessNames: FreqParser, 
		startTime:8527945763048 us, duration: 20354 us
	process1[PmuModeling]:return: 0x0, mandatory:true
		dependProcessNames: FftsProfileParser, TsTrackParser, 
		startTime:8527945763060 us, duration: 181 us
	process2[AccPmuPersistence]:return: 0x0, mandatory:true
		dependProcessNames: StarsSocParser, 
		startTime:8527945763092 us, duration: 179 us
	process3[Domain::LogModeling]:return: 0x0, mandatory:true
		dependProcessNames: StarsSocParser, TsTrackParser, 
		startTime:8527945763112 us, duration: 4152 us
	process4[StepTraceProcess]:return: 0x0, mandatory:false
		dependProcessNames: TsTrackParser, 
		startTime:8527945763125 us, duration: 150 us
-------------------------------------------------------------------------------
level[2] generalResult:true, process num:1
	process0[LoadHostData]:return: 0x0, mandatory:false
		dependProcessNames: Domain::LogModeling, 
		startTime:8527945783666 us, duration: 26078 us
-------------------------------------------------------------------------------
level[3] generalResult:true, process num:2
	process0[PmuAssociation]:return: 0x0, mandatory:true
		dependProcessNames: LoadHostData, PmuModeling, 
		startTime:8527945809999 us, duration: 13893 us
	process1[AscendTaskAssociation]:return: 0x0, mandatory:true
		dependProcessNames: LoadHostData, 
		startTime:8527945810066 us, duration: 34739 us
-------------------------------------------------------------------------------
level[4] generalResult:true, process num:2
	process0[HcclCalculator]:return: 0x0, mandatory:true
		dependProcessNames: AscendTaskAssociation, LoadHostData, 
		startTime:8527945848737 us, duration: 3751 us
	process1[MetricSummaryPersistence]:return: 0x0, mandatory:true
		dependProcessNames: PmuAssociation, 
		startTime:8527945848756 us, duration: 102477 us
-------------------------------------------------------------------------------
level[5] generalResult:true, process num:2
	process0[AscendTaskPersistence]:return: 0x0, mandatory:true
		dependProcessNames: HcclCalculator, 
		startTime:8527945954761 us, duration: 24290 us
	process1[DeviceHcclPersistence]:return: 0x0, mandatory:true
		dependProcessNames: HcclCalculator, 
		startTime:8527945954779 us, duration: 111 us


2025-07-22 09:00:02 [INFO] [1390] [1390] [time_logger.h:35] DeviceContextEntry  end, cost time = 239 ms
