2025-07-22 09:00:04 [INFO] [1472] [1472] [export_summary.cpp:92] Start to load data!
2025-07-22 09:00:04 [INFO] [1472] [1472] [data_processor.cpp:27] HASH_INIT Run. Dir is /root/work/filestorage/wwg/Grounded-SAM-2/outputs/adetailer/dl-e1fac0b2e30f36708a84ef5ffe35db5e-r0-4e49af3ba7d1-0_69_20250722005956139_ascend_pt/PROF_000001_20250722085956147_RCGCGPKNBFQLPMEA
2025-07-22 09:00:04 [WARN] [1472] [1472] [data_processor.cpp:38] Can't find the db, the path is /root/work/filestorage/wwg/Grounded-SAM-2/outputs/adetailer/dl-e1fac0b2e30f36708a84ef5ffe35db5e-r0-4e49af3ba7d1-0_69_20250722005956139_ascend_pt/PROF_000001_20250722085956147_RCGCGPKNBFQLPMEA/host/sqlite/ge_logic_stream_info.db.
2025-07-22 09:00:04 [INFO] [1472] [1472] [hash_init_processor.cpp:55] Init Hash data, dir is /root/work/filestorage/wwg/Grounded-SAM-2/outputs/adetailer/dl-e1fac0b2e30f36708a84ef5ffe35db5e-r0-4e49af3ba7d1-0_69_20250722005956139_ascend_pt/PROF_000001_20250722085956147_RCGCGPKNBFQLPMEA
2025-07-22 09:00:04 [INFO] [1472] [1472] [data_processor.cpp:54] Check /root/work/filestorage/wwg/Grounded-SAM-2/outputs/adetailer/dl-e1fac0b2e30f36708a84ef5ffe35db5e-r0-4e49af3ba7d1-0_69_20250722005956139_ascend_pt/PROF_000001_20250722085956147_RCGCGPKNBFQLPMEA/host/sqlite/ge_hash.db and GeHashInfo success.
2025-07-22 09:00:04 [INFO] [1472] [1472] [db_runner.h:71] Start query data
2025-07-22 09:00:04 [INFO] [1472] [1472] [db_runner.h:78] Query data success: SELECT hash_key, hash_value FROM GeHashInfo
2025-07-22 09:00:04 [INFO] [1472] [1477] [data_processor.cpp:27] COMMUNICATION Run. Dir is /root/work/filestorage/wwg/Grounded-SAM-2/outputs/adetailer/dl-e1fac0b2e30f36708a84ef5ffe35db5e-r0-4e49af3ba7d1-0_69_20250722005956139_ascend_pt/PROF_000001_20250722085956147_RCGCGPKNBFQLPMEA
2025-07-22 09:00:04 [INFO] [1472] [1474] [data_processor.cpp:27] COMPUTE_TASK_INFO Run. Dir is /root/work/filestorage/wwg/Grounded-SAM-2/outputs/adetailer/dl-e1fac0b2e30f36708a84ef5ffe35db5e-r0-4e49af3ba7d1-0_69_20250722005956139_ascend_pt/PROF_000001_20250722085956147_RCGCGPKNBFQLPMEA
2025-07-22 09:00:04 [INFO] [1472] [1475] [data_processor.cpp:27] TASK Run. Dir is /root/work/filestorage/wwg/Grounded-SAM-2/outputs/adetailer/dl-e1fac0b2e30f36708a84ef5ffe35db5e-r0-4e49af3ba7d1-0_69_20250722005956139_ascend_pt/PROF_000001_20250722085956147_RCGCGPKNBFQLPMEA
2025-07-22 09:00:04 [INFO] [1472] [1476] [data_processor.cpp:27] PMU Run. Dir is /root/work/filestorage/wwg/Grounded-SAM-2/outputs/adetailer/dl-e1fac0b2e30f36708a84ef5ffe35db5e-r0-4e49af3ba7d1-0_69_20250722005956139_ascend_pt/PROF_000001_20250722085956147_RCGCGPKNBFQLPMEA
2025-07-22 09:00:04 [INFO] [1472] [1476] [metric_processor.cpp:78] TaskBasedProcess, dir is /root/work/filestorage/wwg/Grounded-SAM-2/outputs/adetailer/dl-e1fac0b2e30f36708a84ef5ffe35db5e-r0-4e49af3ba7d1-0_69_20250722005956139_ascend_pt/PROF_000001_20250722085956147_RCGCGPKNBFQLPMEA
2025-07-22 09:00:04 [WARN] [1472] [1477] [data_processor.cpp:38] Can't find the db, the path is /root/work/filestorage/wwg/Grounded-SAM-2/outputs/adetailer/dl-e1fac0b2e30f36708a84ef5ffe35db5e-r0-4e49af3ba7d1-0_69_20250722005956139_ascend_pt/PROF_000001_20250722085956147_RCGCGPKNBFQLPMEA/device_0/sqlite/hccl_single_device.db.
2025-07-22 09:00:04 [WARN] [1472] [1477] [data_processor.cpp:38] Can't find the db, the path is /root/work/filestorage/wwg/Grounded-SAM-2/outputs/adetailer/dl-e1fac0b2e30f36708a84ef5ffe35db5e-r0-4e49af3ba7d1-0_69_20250722005956139_ascend_pt/PROF_000001_20250722085956147_RCGCGPKNBFQLPMEA/device_0/sqlite/hccl_single_device.db.
2025-07-22 09:00:04 [INFO] [1472] [1477] [data_processor.h:61] There are 0 records before COMMUNICATION_TASK_INFO data filtering, filterTime is 1753145996323693000.
2025-07-22 09:00:04 [INFO] [1472] [1477] [data_processor.h:65] There are 0 records after COMMUNICATION_TASK_INFO data filtering.
2025-07-22 09:00:04 [INFO] [1472] [1477] [data_processor.h:61] There are 0 records before COMMUNICATION_TASK_INFO data filtering, filterTime is 1753145996323693000.
2025-07-22 09:00:04 [INFO] [1472] [1477] [data_processor.h:65] There are 0 records after COMMUNICATION_TASK_INFO data filtering.
2025-07-22 09:00:04 [INFO] [1472] [1477] [data_processor.h:72] Save COMMUNICATION_TASK_INFO data into dataInventory
2025-07-22 09:00:04 [WARN] [1472] [1477] [data_processor.h:74] COMMUNICATION_TASK_INFO no data to inject to dataInventory
2025-07-22 09:00:04 [INFO] [1472] [1477] [data_processor.h:72] Save COMMUNICATION_OP data into dataInventory
2025-07-22 09:00:04 [WARN] [1472] [1477] [data_processor.h:74] COMMUNICATION_OP no data to inject to dataInventory
2025-07-22 09:00:04 [INFO] [1472] [1475] [data_processor.cpp:54] Check /root/work/filestorage/wwg/Grounded-SAM-2/outputs/adetailer/dl-e1fac0b2e30f36708a84ef5ffe35db5e-r0-4e49af3ba7d1-0_69_20250722005956139_ascend_pt/PROF_000001_20250722085956147_RCGCGPKNBFQLPMEA/device_0/sqlite/ascend_task.db and AscendTask success.
2025-07-22 09:00:04 [INFO] [1472] [1475] [db_runner.h:71] Start query data
2025-07-22 09:00:04 [INFO] [1472] [1476] [data_processor.cpp:54] Check /root/work/filestorage/wwg/Grounded-SAM-2/outputs/adetailer/dl-e1fac0b2e30f36708a84ef5ffe35db5e-r0-4e49af3ba7d1-0_69_20250722005956139_ascend_pt/PROF_000001_20250722085956147_RCGCGPKNBFQLPMEA/device_0/sqlite/metric_summary.db and MetricSummary success.
2025-07-22 09:00:04 [INFO] [1472] [1476] [metric_processor.cpp:126] GetAndCheckTableColumns.
2025-07-22 09:00:04 [INFO] [1472] [1476] [db_runner.cpp:124] Start get MetricSummary headers
2025-07-22 09:00:04 [INFO] [1472] [1474] [data_processor.cpp:54] Check /root/work/filestorage/wwg/Grounded-SAM-2/outputs/adetailer/dl-e1fac0b2e30f36708a84ef5ffe35db5e-r0-4e49af3ba7d1-0_69_20250722005956139_ascend_pt/PROF_000001_20250722085956147_RCGCGPKNBFQLPMEA/host/sqlite/ge_info.db and TaskInfo success.
2025-07-22 09:00:04 [INFO] [1472] [1474] [db_runner.h:71] Start query data
2025-07-22 09:00:04 [INFO] [1472] [1476] [db_runner.cpp:132] Get MetricSummary columns success
2025-07-22 09:00:04 [INFO] [1472] [1476] [db_runner.h:71] Start query data
2025-07-22 09:00:04 [INFO] [1472] [1475] [db_runner.h:78] Query data success: SELECT a.start_time, a.duration, a.model_id, a.index_id, a.stream_id, a.task_id, a.context_id,a.batch_id, a.connection_id, a.host_task_type, a.device_task_type FROM AscendTask a WHERE a.device_task_type != 'UNKNOWN'
2025-07-22 09:00:04 [INFO] [1472] [1476] [db_runner.h:78] Query data success: SELECT ROUND(aic_total_time, 3) FROM MetricSummary
2025-07-22 09:00:04 [INFO] [1472] [1476] [db_runner.h:71] Start query data
2025-07-22 09:00:04 [INFO] [1472] [1474] [db_runner.h:78] Query data success: SELECT hashid, model_id, op_name, stream_id, task_id, block_dim, mix_block_dim, task_type, op_type, op_flag, batch_id, IFNULL(input_formats, 'NULL'), IFNULL(input_data_types, 'NULL'), IFNULL(input_shapes, 'NULL'), IFNULL(output_formats, 'NULL'), IFNULL(output_data_types, 'NULL'), IFNULL(output_shapes, 'NULL'), device_id, context_id, (case when op_state is 'N/A' then 'N/A' when op_state is '1' then 'dynamic' when op_state is '0' then 'static' end) FROM TaskInfo
2025-07-22 09:00:04 [INFO] [1472] [1476] [db_runner.h:78] Query data success: SELECT aic_total_cycles FROM MetricSummary
2025-07-22 09:00:04 [INFO] [1472] [1476] [db_runner.h:71] Start query data
2025-07-22 09:00:04 [INFO] [1472] [1474] [data_processor.h:72] Save COMPUTE_TASK_INFO data into dataInventory
2025-07-22 09:00:04 [INFO] [1472] [1476] [db_runner.h:78] Query data success: SELECT ROUND(aic_mac_time, 3) FROM MetricSummary
2025-07-22 09:00:04 [INFO] [1472] [1476] [db_runner.h:71] Start query data
2025-07-22 09:00:04 [INFO] [1472] [1476] [db_runner.h:78] Query data success: SELECT ROUND(aic_mac_ratio_extra, 3) FROM MetricSummary
2025-07-22 09:00:04 [INFO] [1472] [1476] [db_runner.h:71] Start query data
2025-07-22 09:00:04 [INFO] [1472] [1476] [db_runner.h:78] Query data success: SELECT ROUND(aic_scalar_time, 3) FROM MetricSummary
2025-07-22 09:00:04 [INFO] [1472] [1476] [db_runner.h:71] Start query data
2025-07-22 09:00:04 [INFO] [1472] [1475] [data_processor.h:61] There are 3205 records before TASK data filtering, filterTime is 1753145996323693000.
2025-07-22 09:00:04 [INFO] [1472] [1475] [data_processor.h:65] There are 3204 records after TASK data filtering.
2025-07-22 09:00:04 [INFO] [1472] [1475] [data_processor.h:72] Save TASK data into dataInventory
2025-07-22 09:00:04 [INFO] [1472] [1476] [db_runner.h:78] Query data success: SELECT ROUND(aic_scalar_ratio, 3) FROM MetricSummary
2025-07-22 09:00:04 [INFO] [1472] [1476] [db_runner.h:71] Start query data
2025-07-22 09:00:04 [INFO] [1472] [1476] [db_runner.h:78] Query data success: SELECT ROUND(aic_mte1_time, 3) FROM MetricSummary
2025-07-22 09:00:04 [INFO] [1472] [1476] [db_runner.h:71] Start query data
2025-07-22 09:00:04 [INFO] [1472] [1476] [db_runner.h:78] Query data success: SELECT ROUND(aic_mte1_ratio_extra, 3) FROM MetricSummary
2025-07-22 09:00:04 [INFO] [1472] [1476] [db_runner.h:71] Start query data
2025-07-22 09:00:04 [INFO] [1472] [1476] [db_runner.h:78] Query data success: SELECT ROUND(aic_mte2_time, 3) FROM MetricSummary
2025-07-22 09:00:04 [INFO] [1472] [1476] [db_runner.h:71] Start query data
2025-07-22 09:00:04 [INFO] [1472] [1476] [db_runner.h:78] Query data success: SELECT ROUND(aic_mte2_ratio, 3) FROM MetricSummary
2025-07-22 09:00:04 [INFO] [1472] [1476] [db_runner.h:71] Start query data
2025-07-22 09:00:04 [INFO] [1472] [1476] [db_runner.h:78] Query data success: SELECT ROUND(aic_fixpipe_time, 3) FROM MetricSummary
2025-07-22 09:00:04 [INFO] [1472] [1476] [db_runner.h:71] Start query data
2025-07-22 09:00:04 [INFO] [1472] [1476] [db_runner.h:78] Query data success: SELECT ROUND(aic_fixpipe_ratio, 3) FROM MetricSummary
2025-07-22 09:00:04 [INFO] [1472] [1476] [db_runner.h:71] Start query data
2025-07-22 09:00:04 [INFO] [1472] [1476] [db_runner.h:78] Query data success: SELECT ROUND(aic_icache_miss_rate, 3) FROM MetricSummary
2025-07-22 09:00:04 [INFO] [1472] [1476] [db_runner.h:71] Start query data
2025-07-22 09:00:04 [INFO] [1472] [1476] [db_runner.h:78] Query data success: SELECT ROUND(aiv_total_time, 3) FROM MetricSummary
2025-07-22 09:00:04 [INFO] [1472] [1476] [db_runner.h:71] Start query data
2025-07-22 09:00:04 [INFO] [1472] [1476] [db_runner.h:78] Query data success: SELECT aiv_total_cycles FROM MetricSummary
2025-07-22 09:00:04 [INFO] [1472] [1476] [db_runner.h:71] Start query data
2025-07-22 09:00:04 [INFO] [1472] [1476] [db_runner.h:78] Query data success: SELECT ROUND(aiv_vec_time, 3) FROM MetricSummary
2025-07-22 09:00:04 [INFO] [1472] [1476] [db_runner.h:71] Start query data
2025-07-22 09:00:04 [INFO] [1472] [1476] [db_runner.h:78] Query data success: SELECT ROUND(aiv_vec_ratio, 3) FROM MetricSummary
2025-07-22 09:00:04 [INFO] [1472] [1476] [db_runner.h:71] Start query data
2025-07-22 09:00:04 [INFO] [1472] [1476] [db_runner.h:78] Query data success: SELECT ROUND(aiv_scalar_time, 3) FROM MetricSummary
2025-07-22 09:00:04 [INFO] [1472] [1476] [db_runner.h:71] Start query data
2025-07-22 09:00:04 [INFO] [1472] [1476] [db_runner.h:78] Query data success: SELECT ROUND(aiv_scalar_ratio, 3) FROM MetricSummary
2025-07-22 09:00:04 [INFO] [1472] [1476] [db_runner.h:71] Start query data
2025-07-22 09:00:04 [INFO] [1472] [1476] [db_runner.h:78] Query data success: SELECT ROUND(aiv_mte2_time, 3) FROM MetricSummary
2025-07-22 09:00:04 [INFO] [1472] [1476] [db_runner.h:71] Start query data
2025-07-22 09:00:04 [INFO] [1472] [1476] [db_runner.h:78] Query data success: SELECT ROUND(aiv_mte2_ratio, 3) FROM MetricSummary
2025-07-22 09:00:04 [INFO] [1472] [1476] [db_runner.h:71] Start query data
2025-07-22 09:00:04 [INFO] [1472] [1476] [db_runner.h:78] Query data success: SELECT ROUND(aiv_mte3_time, 3) FROM MetricSummary
2025-07-22 09:00:04 [INFO] [1472] [1476] [db_runner.h:71] Start query data
2025-07-22 09:00:04 [INFO] [1472] [1476] [db_runner.h:78] Query data success: SELECT ROUND(aiv_mte3_ratio, 3) FROM MetricSummary
2025-07-22 09:00:04 [INFO] [1472] [1476] [db_runner.h:71] Start query data
2025-07-22 09:00:04 [INFO] [1472] [1476] [db_runner.h:78] Query data success: SELECT ROUND(aiv_icache_miss_rate, 3) FROM MetricSummary
2025-07-22 09:00:04 [INFO] [1472] [1476] [db_runner.h:71] Start query data
2025-07-22 09:00:04 [INFO] [1472] [1476] [db_runner.h:78] Query data success: SELECT subtask_id FROM MetricSummary
2025-07-22 09:00:04 [INFO] [1472] [1476] [db_runner.h:71] Start query data
2025-07-22 09:00:04 [INFO] [1472] [1476] [db_runner.h:78] Query data success: SELECT stream_id FROM MetricSummary
2025-07-22 09:00:04 [INFO] [1472] [1476] [db_runner.h:71] Start query data
2025-07-22 09:00:04 [INFO] [1472] [1476] [db_runner.h:78] Query data success: SELECT task_id FROM MetricSummary
2025-07-22 09:00:04 [INFO] [1472] [1476] [db_runner.h:71] Start query data
2025-07-22 09:00:04 [INFO] [1472] [1476] [db_runner.h:78] Query data success: SELECT batch_id FROM MetricSummary
2025-07-22 09:00:04 [INFO] [1472] [1476] [metric_processor.cpp:286] FormatTaskBasedData.
2025-07-22 09:00:04 [INFO] [1472] [1476] [metric_processor.cpp:342] Calculating memory bound...
2025-07-22 09:00:04 [INFO] [1472] [1476] [metric_processor.cpp:345] can't find memory bound needed column, no memory bound data added.
2025-07-22 09:00:04 [INFO] [1472] [1472] [summary_assembler.h:31] Begin to Assemble OP_SUMMARY data
2025-07-22 09:00:05 [INFO] [1472] [1472] [file.cpp:395] The file not exists: /root/work/filestorage/wwg/Grounded-SAM-2/outputs/adetailer/dl-e1fac0b2e30f36708a84ef5ffe35db5e-r0-4e49af3ba7d1-0_69_20250722005956139_ascend_pt/PROF_000001_20250722085956147_RCGCGPKNBFQLPMEA/mindstudio_profiler_output/op_summary_20250722090005.csv.
2025-07-22 09:00:05 [INFO] [1472] [1472] [summary_assembler.h:34] Assemble and export OP_SUMMARY data success
