2025-07-22 09:00:02 [INFO] [1438] [1438] [export_manager.cpp:132] Start to load data!
2025-07-22 09:00:02 [INFO] [1438] [1438] [data_processor.cpp:27] HASH_INIT Run. Dir is /root/work/filestorage/wwg/Grounded-SAM-2/outputs/adetailer/dl-e1fac0b2e30f36708a84ef5ffe35db5e-r0-4e49af3ba7d1-0_69_20250722005956139_ascend_pt/PROF_000001_20250722085956147_RCGCGPKNBFQLPMEA
2025-07-22 09:00:02 [WARN] [1438] [1438] [data_processor.cpp:38] Can't find the db, the path is /root/work/filestorage/wwg/Grounded-SAM-2/outputs/adetailer/dl-e1fac0b2e30f36708a84ef5ffe35db5e-r0-4e49af3ba7d1-0_69_20250722005956139_ascend_pt/PROF_000001_20250722085956147_RCGCGPKNBFQLPMEA/host/sqlite/ge_logic_stream_info.db.
2025-07-22 09:00:02 [INFO] [1438] [1438] [hash_init_processor.cpp:55] Init Hash data, dir is /root/work/filestorage/wwg/Grounded-SAM-2/outputs/adetailer/dl-e1fac0b2e30f36708a84ef5ffe35db5e-r0-4e49af3ba7d1-0_69_20250722005956139_ascend_pt/PROF_000001_20250722085956147_RCGCGPKNBFQLPMEA
2025-07-22 09:00:02 [INFO] [1438] [1438] [data_processor.cpp:54] Check /root/work/filestorage/wwg/Grounded-SAM-2/outputs/adetailer/dl-e1fac0b2e30f36708a84ef5ffe35db5e-r0-4e49af3ba7d1-0_69_20250722005956139_ascend_pt/PROF_000001_20250722085956147_RCGCGPKNBFQLPMEA/host/sqlite/ge_hash.db and GeHashInfo success.
2025-07-22 09:00:02 [INFO] [1438] [1438] [db_runner.h:71] Start query data
2025-07-22 09:00:02 [INFO] [1438] [1438] [db_runner.h:78] Query data success: SELECT hash_key, hash_value FROM GeHashInfo
2025-07-22 09:00:02 [INFO] [1438] [1440] [data_processor.cpp:27] API Run. Dir is /root/work/filestorage/wwg/Grounded-SAM-2/outputs/adetailer/dl-e1fac0b2e30f36708a84ef5ffe35db5e-r0-4e49af3ba7d1-0_69_20250722005956139_ascend_pt/PROF_000001_20250722085956147_RCGCGPKNBFQLPMEA
2025-07-22 09:00:02 [INFO] [1438] [1441] [data_processor.cpp:27] COMMUNICATION Run. Dir is /root/work/filestorage/wwg/Grounded-SAM-2/outputs/adetailer/dl-e1fac0b2e30f36708a84ef5ffe35db5e-r0-4e49af3ba7d1-0_69_20250722005956139_ascend_pt/PROF_000001_20250722085956147_RCGCGPKNBFQLPMEA
2025-07-22 09:00:02 [INFO] [1438] [1444] [data_processor.cpp:27] COMPUTE_TASK_INFO Run. Dir is /root/work/filestorage/wwg/Grounded-SAM-2/outputs/adetailer/dl-e1fac0b2e30f36708a84ef5ffe35db5e-r0-4e49af3ba7d1-0_69_20250722005956139_ascend_pt/PROF_000001_20250722085956147_RCGCGPKNBFQLPMEA
2025-07-22 09:00:02 [INFO] [1438] [1448] [data_processor.cpp:27] KFC_TASK Run. Dir is /root/work/filestorage/wwg/Grounded-SAM-2/outputs/adetailer/dl-e1fac0b2e30f36708a84ef5ffe35db5e-r0-4e49af3ba7d1-0_69_20250722005956139_ascend_pt/PROF_000001_20250722085956147_RCGCGPKNBFQLPMEA
2025-07-22 09:00:02 [INFO] [1438] [1442] [data_processor.cpp:27] KFC_COMM Run. Dir is /root/work/filestorage/wwg/Grounded-SAM-2/outputs/adetailer/dl-e1fac0b2e30f36708a84ef5ffe35db5e-r0-4e49af3ba7d1-0_69_20250722005956139_ascend_pt/PROF_000001_20250722085956147_RCGCGPKNBFQLPMEA
2025-07-22 09:00:02 [INFO] [1438] [1443] [data_processor.cpp:27] DEVICE_MSTX Run. Dir is /root/work/filestorage/wwg/Grounded-SAM-2/outputs/adetailer/dl-e1fac0b2e30f36708a84ef5ffe35db5e-r0-4e49af3ba7d1-0_69_20250722005956139_ascend_pt/PROF_000001_20250722085956147_RCGCGPKNBFQLPMEA
2025-07-22 09:00:02 [INFO] [1438] [1445] [data_processor.cpp:27] MSTX Run. Dir is /root/work/filestorage/wwg/Grounded-SAM-2/outputs/adetailer/dl-e1fac0b2e30f36708a84ef5ffe35db5e-r0-4e49af3ba7d1-0_69_20250722005956139_ascend_pt/PROF_000001_20250722085956147_RCGCGPKNBFQLPMEA
2025-07-22 09:00:02 [INFO] [1438] [1446] [data_processor.cpp:27] STEP_TRACE Run. Dir is /root/work/filestorage/wwg/Grounded-SAM-2/outputs/adetailer/dl-e1fac0b2e30f36708a84ef5ffe35db5e-r0-4e49af3ba7d1-0_69_20250722005956139_ascend_pt/PROF_000001_20250722085956147_RCGCGPKNBFQLPMEA
2025-07-22 09:00:02 [INFO] [1438] [1447] [data_processor.cpp:27] TASK Run. Dir is /root/work/filestorage/wwg/Grounded-SAM-2/outputs/adetailer/dl-e1fac0b2e30f36708a84ef5ffe35db5e-r0-4e49af3ba7d1-0_69_20250722005956139_ascend_pt/PROF_000001_20250722085956147_RCGCGPKNBFQLPMEA
2025-07-22 09:00:02 [INFO] [1438] [1439] [data_processor.cpp:27] ACC_PMU Run. Dir is /root/work/filestorage/wwg/Grounded-SAM-2/outputs/adetailer/dl-e1fac0b2e30f36708a84ef5ffe35db5e-r0-4e49af3ba7d1-0_69_20250722005956139_ascend_pt/PROF_000001_20250722085956147_RCGCGPKNBFQLPMEA
2025-07-22 09:00:02 [WARN] [1438] [1445] [data_processor.cpp:38] Can't find the db, the path is /root/work/filestorage/wwg/Grounded-SAM-2/outputs/adetailer/dl-e1fac0b2e30f36708a84ef5ffe35db5e-r0-4e49af3ba7d1-0_69_20250722005956139_ascend_pt/PROF_000001_20250722085956147_RCGCGPKNBFQLPMEA/host/sqlite/msproftx.db.
2025-07-22 09:00:02 [WARN] [1438] [1445] [data_processor.cpp:38] Can't find the db, the path is /root/work/filestorage/wwg/Grounded-SAM-2/outputs/adetailer/dl-e1fac0b2e30f36708a84ef5ffe35db5e-r0-4e49af3ba7d1-0_69_20250722005956139_ascend_pt/PROF_000001_20250722085956147_RCGCGPKNBFQLPMEA/host/sqlite/msproftx.db.
2025-07-22 09:00:02 [WARN] [1438] [1445] [msproftx_host_processor.cpp:79] msprofTx in /root/work/filestorage/wwg/Grounded-SAM-2/outputs/adetailer/dl-e1fac0b2e30f36708a84ef5ffe35db5e-r0-4e49af3ba7d1-0_69_20250722005956139_ascend_pt/PROF_000001_20250722085956147_RCGCGPKNBFQLPMEA is not exists, return
2025-07-22 09:00:02 [INFO] [1438] [1445] [data_processor.cpp:27] AICORE_FREQ Run. Dir is /root/work/filestorage/wwg/Grounded-SAM-2/outputs/adetailer/dl-e1fac0b2e30f36708a84ef5ffe35db5e-r0-4e49af3ba7d1-0_69_20250722005956139_ascend_pt/PROF_000001_20250722085956147_RCGCGPKNBFQLPMEA
2025-07-22 09:00:02 [WARN] [1438] [1439] [data_processor.cpp:38] Can't find the db, the path is /root/work/filestorage/wwg/Grounded-SAM-2/outputs/adetailer/dl-e1fac0b2e30f36708a84ef5ffe35db5e-r0-4e49af3ba7d1-0_69_20250722005956139_ascend_pt/PROF_000001_20250722085956147_RCGCGPKNBFQLPMEA/device_0/sqlite/acc_pmu.db.
2025-07-22 09:00:02 [WARN] [1438] [1442] [data_processor.cpp:38] Can't find the db, the path is /root/work/filestorage/wwg/Grounded-SAM-2/outputs/adetailer/dl-e1fac0b2e30f36708a84ef5ffe35db5e-r0-4e49af3ba7d1-0_69_20250722005956139_ascend_pt/PROF_000001_20250722085956147_RCGCGPKNBFQLPMEA/device_0/sqlite/hccl_single_device.db.
2025-07-22 09:00:02 [INFO] [1438] [1439] [data_processor.h:72] Save ACC_PMU data into dataInventory
2025-07-22 09:00:02 [WARN] [1438] [1441] [data_processor.cpp:38] Can't find the db, the path is /root/work/filestorage/wwg/Grounded-SAM-2/outputs/adetailer/dl-e1fac0b2e30f36708a84ef5ffe35db5e-r0-4e49af3ba7d1-0_69_20250722005956139_ascend_pt/PROF_000001_20250722085956147_RCGCGPKNBFQLPMEA/device_0/sqlite/hccl_single_device.db.
2025-07-22 09:00:02 [WARN] [1438] [1439] [data_processor.h:74] ACC_PMU no data to inject to dataInventory
2025-07-22 09:00:02 [WARN] [1438] [1442] [data_processor.cpp:38] Can't find the db, the path is /root/work/filestorage/wwg/Grounded-SAM-2/outputs/adetailer/dl-e1fac0b2e30f36708a84ef5ffe35db5e-r0-4e49af3ba7d1-0_69_20250722005956139_ascend_pt/PROF_000001_20250722085956147_RCGCGPKNBFQLPMEA/device_0/sqlite/hccl_single_device.db.
2025-07-22 09:00:02 [INFO] [1438] [1442] [data_processor.h:72] Save KFC_COMM data into dataInventory
2025-07-22 09:00:02 [WARN] [1438] [1441] [data_processor.cpp:38] Can't find the db, the path is /root/work/filestorage/wwg/Grounded-SAM-2/outputs/adetailer/dl-e1fac0b2e30f36708a84ef5ffe35db5e-r0-4e49af3ba7d1-0_69_20250722005956139_ascend_pt/PROF_000001_20250722085956147_RCGCGPKNBFQLPMEA/device_0/sqlite/hccl_single_device.db.
2025-07-22 09:00:02 [INFO] [1438] [1439] [data_processor.cpp:27] CHIP_TRAINS Run. Dir is /root/work/filestorage/wwg/Grounded-SAM-2/outputs/adetailer/dl-e1fac0b2e30f36708a84ef5ffe35db5e-r0-4e49af3ba7d1-0_69_20250722005956139_ascend_pt/PROF_000001_20250722085956147_RCGCGPKNBFQLPMEA
2025-07-22 09:00:02 [WARN] [1438] [1442] [data_processor.h:74] KFC_COMM no data to inject to dataInventory
2025-07-22 09:00:02 [INFO] [1438] [1441] [data_processor.h:61] There are 0 records before COMMUNICATION_TASK_INFO data filtering, filterTime is 1753145996323693000.
2025-07-22 09:00:02 [INFO] [1438] [1442] [data_processor.h:72] Save KFC_COMM data into dataInventory
2025-07-22 09:00:02 [INFO] [1438] [1441] [data_processor.h:65] There are 0 records after COMMUNICATION_TASK_INFO data filtering.
2025-07-22 09:00:02 [WARN] [1438] [1442] [data_processor.h:74] KFC_COMM no data to inject to dataInventory
2025-07-22 09:00:02 [INFO] [1438] [1441] [data_processor.h:61] There are 0 records before COMMUNICATION_TASK_INFO data filtering, filterTime is 1753145996323693000.
2025-07-22 09:00:02 [INFO] [1438] [1441] [data_processor.h:65] There are 0 records after COMMUNICATION_TASK_INFO data filtering.
2025-07-22 09:00:02 [INFO] [1438] [1441] [data_processor.h:72] Save COMMUNICATION_TASK_INFO data into dataInventory
2025-07-22 09:00:02 [WARN] [1438] [1441] [data_processor.h:74] COMMUNICATION_TASK_INFO no data to inject to dataInventory
2025-07-22 09:00:02 [INFO] [1438] [1441] [data_processor.h:72] Save COMMUNICATION_OP data into dataInventory
2025-07-22 09:00:02 [WARN] [1438] [1441] [data_processor.h:74] COMMUNICATION_OP no data to inject to dataInventory
2025-07-22 09:00:02 [INFO] [1438] [1442] [data_processor.cpp:27] DDR Run. Dir is /root/work/filestorage/wwg/Grounded-SAM-2/outputs/adetailer/dl-e1fac0b2e30f36708a84ef5ffe35db5e-r0-4e49af3ba7d1-0_69_20250722005956139_ascend_pt/PROF_000001_20250722085956147_RCGCGPKNBFQLPMEA
2025-07-22 09:00:02 [INFO] [1438] [1441] [data_processor.cpp:27] HBM Run. Dir is /root/work/filestorage/wwg/Grounded-SAM-2/outputs/adetailer/dl-e1fac0b2e30f36708a84ef5ffe35db5e-r0-4e49af3ba7d1-0_69_20250722005956139_ascend_pt/PROF_000001_20250722085956147_RCGCGPKNBFQLPMEA
2025-07-22 09:00:02 [WARN] [1438] [1448] [data_processor.cpp:38] Can't find the db, the path is /root/work/filestorage/wwg/Grounded-SAM-2/outputs/adetailer/dl-e1fac0b2e30f36708a84ef5ffe35db5e-r0-4e49af3ba7d1-0_69_20250722005956139_ascend_pt/PROF_000001_20250722085956147_RCGCGPKNBFQLPMEA/device_0/sqlite/kfc_info.db.
2025-07-22 09:00:02 [WARN] [1438] [1446] [data_processor.cpp:38] Can't find the db, the path is /root/work/filestorage/wwg/Grounded-SAM-2/outputs/adetailer/dl-e1fac0b2e30f36708a84ef5ffe35db5e-r0-4e49af3ba7d1-0_69_20250722005956139_ascend_pt/PROF_000001_20250722085956147_RCGCGPKNBFQLPMEA/device_0/sqlite/trace.db.
2025-07-22 09:00:02 [INFO] [1438] [1446] [data_processor.h:61] There are 0 records before STEP_TRACE data filtering, filterTime is 1753145996323693000.
2025-07-22 09:00:02 [INFO] [1438] [1446] [data_processor.h:65] There are 0 records after STEP_TRACE data filtering.
2025-07-22 09:00:02 [WARN] [1438] [1443] [data_processor.cpp:38] Can't find the db, the path is /root/work/filestorage/wwg/Grounded-SAM-2/outputs/adetailer/dl-e1fac0b2e30f36708a84ef5ffe35db5e-r0-4e49af3ba7d1-0_69_20250722005956139_ascend_pt/PROF_000001_20250722085956147_RCGCGPKNBFQLPMEA/device_0/sqlite/step_trace.db.
2025-07-22 09:00:02 [INFO] [1438] [1443] [data_processor.h:72] Save TASK data into dataInventory
2025-07-22 09:00:02 [WARN] [1438] [1443] [data_processor.h:74] TASK no data to inject to dataInventory
2025-07-22 09:00:02 [INFO] [1438] [1443] [data_processor.cpp:27] HCCS Run. Dir is /root/work/filestorage/wwg/Grounded-SAM-2/outputs/adetailer/dl-e1fac0b2e30f36708a84ef5ffe35db5e-r0-4e49af3ba7d1-0_69_20250722005956139_ascend_pt/PROF_000001_20250722085956147_RCGCGPKNBFQLPMEA
2025-07-22 09:00:02 [WARN] [1438] [1448] [data_processor.cpp:38] Can't find the db, the path is /root/work/filestorage/wwg/Grounded-SAM-2/outputs/adetailer/dl-e1fac0b2e30f36708a84ef5ffe35db5e-r0-4e49af3ba7d1-0_69_20250722005956139_ascend_pt/PROF_000001_20250722085956147_RCGCGPKNBFQLPMEA/device_0/sqlite/kfc_info.db.
2025-07-22 09:00:02 [INFO] [1438] [1448] [data_processor.h:72] Save KFC_TASK data into dataInventory
2025-07-22 09:00:02 [WARN] [1438] [1448] [data_processor.h:74] KFC_TASK no data to inject to dataInventory
2025-07-22 09:00:02 [INFO] [1438] [1448] [data_processor.cpp:27] CPU_USAGE Run. Dir is /root/work/filestorage/wwg/Grounded-SAM-2/outputs/adetailer/dl-e1fac0b2e30f36708a84ef5ffe35db5e-r0-4e49af3ba7d1-0_69_20250722005956139_ascend_pt/PROF_000001_20250722085956147_RCGCGPKNBFQLPMEA
2025-07-22 09:00:02 [WARN] [1438] [1446] [data_processor.cpp:38] Can't find the db, the path is /root/work/filestorage/wwg/Grounded-SAM-2/outputs/adetailer/dl-e1fac0b2e30f36708a84ef5ffe35db5e-r0-4e49af3ba7d1-0_69_20250722005956139_ascend_pt/PROF_000001_20250722085956147_RCGCGPKNBFQLPMEA/device_0/sqlite/trace.db.
2025-07-22 09:00:02 [INFO] [1438] [1446] [data_processor.h:61] There are 0 records before STEP_TRACE data filtering, filterTime is 1753145996323693000.
2025-07-22 09:00:02 [INFO] [1438] [1446] [data_processor.h:65] There are 0 records after STEP_TRACE data filtering.
2025-07-22 09:00:02 [WARN] [1438] [1439] [data_processor.cpp:38] Can't find the db, the path is /root/work/filestorage/wwg/Grounded-SAM-2/outputs/adetailer/dl-e1fac0b2e30f36708a84ef5ffe35db5e-r0-4e49af3ba7d1-0_69_20250722005956139_ascend_pt/PROF_000001_20250722085956147_RCGCGPKNBFQLPMEA/device_0/sqlite/chip_trans.db.
2025-07-22 09:00:02 [WARN] [1438] [1439] [data_processor.cpp:38] Can't find the db, the path is /root/work/filestorage/wwg/Grounded-SAM-2/outputs/adetailer/dl-e1fac0b2e30f36708a84ef5ffe35db5e-r0-4e49af3ba7d1-0_69_20250722005956139_ascend_pt/PROF_000001_20250722085956147_RCGCGPKNBFQLPMEA/device_0/sqlite/chip_trans.db.
2025-07-22 09:00:02 [INFO] [1438] [1439] [data_processor.h:61] There are 0 records before PA_LINK_INFO data filtering, filterTime is 1753145996323693000.
2025-07-22 09:00:02 [INFO] [1438] [1439] [data_processor.h:65] There are 0 records after PA_LINK_INFO data filtering.
2025-07-22 09:00:02 [INFO] [1438] [1439] [data_processor.h:61] There are 0 records before ENUM_PCIE_INFO data filtering, filterTime is 1753145996323693000.
2025-07-22 09:00:02 [INFO] [1438] [1439] [data_processor.h:65] There are 0 records after ENUM_PCIE_INFO data filtering.
2025-07-22 09:00:02 [INFO] [1438] [1439] [data_processor.h:72] Save PA_LINK_INFO data into dataInventory
2025-07-22 09:00:02 [WARN] [1438] [1439] [data_processor.h:74] PA_LINK_INFO no data to inject to dataInventory
2025-07-22 09:00:02 [INFO] [1438] [1439] [data_processor.h:72] Save ENUM_PCIE_INFO data into dataInventory
2025-07-22 09:00:02 [WARN] [1438] [1439] [data_processor.h:74] ENUM_PCIE_INFO no data to inject to dataInventory
2025-07-22 09:00:02 [INFO] [1438] [1439] [data_processor.cpp:27] MEM_USAGE Run. Dir is /root/work/filestorage/wwg/Grounded-SAM-2/outputs/adetailer/dl-e1fac0b2e30f36708a84ef5ffe35db5e-r0-4e49af3ba7d1-0_69_20250722005956139_ascend_pt/PROF_000001_20250722085956147_RCGCGPKNBFQLPMEA
2025-07-22 09:00:02 [WARN] [1438] [1441] [data_processor.cpp:38] Can't find the db, the path is /root/work/filestorage/wwg/Grounded-SAM-2/outputs/adetailer/dl-e1fac0b2e30f36708a84ef5ffe35db5e-r0-4e49af3ba7d1-0_69_20250722005956139_ascend_pt/PROF_000001_20250722085956147_RCGCGPKNBFQLPMEA/device_0/sqlite/hbm.db.
2025-07-22 09:00:02 [INFO] [1438] [1441] [data_processor.h:72] Save HBM data into dataInventory
2025-07-22 09:00:02 [WARN] [1438] [1441] [data_processor.h:74] HBM no data to inject to dataInventory
2025-07-22 09:00:02 [INFO] [1438] [1441] [data_processor.h:72] Save HBM data into dataInventory
2025-07-22 09:00:02 [WARN] [1438] [1441] [data_processor.h:74] HBM no data to inject to dataInventory
2025-07-22 09:00:02 [INFO] [1438] [1441] [data_processor.cpp:27] DISK_USAGE Run. Dir is /root/work/filestorage/wwg/Grounded-SAM-2/outputs/adetailer/dl-e1fac0b2e30f36708a84ef5ffe35db5e-r0-4e49af3ba7d1-0_69_20250722005956139_ascend_pt/PROF_000001_20250722085956147_RCGCGPKNBFQLPMEA
2025-07-22 09:00:02 [WARN] [1438] [1446] [data_processor.cpp:38] Can't find the db, the path is /root/work/filestorage/wwg/Grounded-SAM-2/outputs/adetailer/dl-e1fac0b2e30f36708a84ef5ffe35db5e-r0-4e49af3ba7d1-0_69_20250722005956139_ascend_pt/PROF_000001_20250722085956147_RCGCGPKNBFQLPMEA/device_0/sqlite/trace.db.
2025-07-22 09:00:02 [INFO] [1438] [1446] [data_processor.h:61] There are 0 records before STEP_TRACE data filtering, filterTime is 1753145996323693000.
2025-07-22 09:00:02 [INFO] [1438] [1446] [data_processor.h:65] There are 0 records after STEP_TRACE data filtering.
2025-07-22 09:00:02 [INFO] [1438] [1446] [data_processor.h:72] Save STEP_TRACE data into dataInventory
2025-07-22 09:00:02 [WARN] [1438] [1446] [data_processor.h:74] STEP_TRACE no data to inject to dataInventory
2025-07-22 09:00:02 [INFO] [1438] [1446] [data_processor.h:72] Save STEP_TRACE data into dataInventory
2025-07-22 09:00:02 [WARN] [1438] [1446] [data_processor.h:74] STEP_TRACE no data to inject to dataInventory
2025-07-22 09:00:02 [INFO] [1438] [1446] [data_processor.h:72] Save STEP_TRACE data into dataInventory
2025-07-22 09:00:02 [WARN] [1438] [1446] [data_processor.h:74] STEP_TRACE no data to inject to dataInventory
2025-07-22 09:00:02 [INFO] [1438] [1446] [data_processor.cpp:27] NETWORK_USAGE Run. Dir is /root/work/filestorage/wwg/Grounded-SAM-2/outputs/adetailer/dl-e1fac0b2e30f36708a84ef5ffe35db5e-r0-4e49af3ba7d1-0_69_20250722005956139_ascend_pt/PROF_000001_20250722085956147_RCGCGPKNBFQLPMEA
2025-07-22 09:00:02 [WARN] [1438] [1448] [data_processor.cpp:38] Can't find the db, the path is /root/work/filestorage/wwg/Grounded-SAM-2/outputs/adetailer/dl-e1fac0b2e30f36708a84ef5ffe35db5e-r0-4e49af3ba7d1-0_69_20250722005956139_ascend_pt/PROF_000001_20250722085956147_RCGCGPKNBFQLPMEA/host/sqlite/host_cpu_usage.db.
2025-07-22 09:00:02 [INFO] [1438] [1448] [data_processor.cpp:27] LLC Run. Dir is /root/work/filestorage/wwg/Grounded-SAM-2/outputs/adetailer/dl-e1fac0b2e30f36708a84ef5ffe35db5e-r0-4e49af3ba7d1-0_69_20250722005956139_ascend_pt/PROF_000001_20250722085956147_RCGCGPKNBFQLPMEA
2025-07-22 09:00:02 [WARN] [1438] [1439] [data_processor.cpp:38] Can't find the db, the path is /root/work/filestorage/wwg/Grounded-SAM-2/outputs/adetailer/dl-e1fac0b2e30f36708a84ef5ffe35db5e-r0-4e49af3ba7d1-0_69_20250722005956139_ascend_pt/PROF_000001_20250722085956147_RCGCGPKNBFQLPMEA/host/sqlite/host_mem_usage.db.
2025-07-22 09:00:02 [INFO] [1438] [1439] [data_processor.cpp:27] NPU_MEM Run. Dir is /root/work/filestorage/wwg/Grounded-SAM-2/outputs/adetailer/dl-e1fac0b2e30f36708a84ef5ffe35db5e-r0-4e49af3ba7d1-0_69_20250722005956139_ascend_pt/PROF_000001_20250722085956147_RCGCGPKNBFQLPMEA
2025-07-22 09:00:02 [WARN] [1438] [1443] [data_processor.cpp:38] Can't find the db, the path is /root/work/filestorage/wwg/Grounded-SAM-2/outputs/adetailer/dl-e1fac0b2e30f36708a84ef5ffe35db5e-r0-4e49af3ba7d1-0_69_20250722005956139_ascend_pt/PROF_000001_20250722085956147_RCGCGPKNBFQLPMEA/device_0/sqlite/hccs.db.
2025-07-22 09:00:02 [INFO] [1438] [1443] [data_processor.h:72] Save HCCS data into dataInventory
2025-07-22 09:00:02 [WARN] [1438] [1443] [data_processor.h:74] HCCS no data to inject to dataInventory
2025-07-22 09:00:02 [INFO] [1438] [1443] [data_processor.h:72] Save HCCS data into dataInventory
2025-07-22 09:00:02 [WARN] [1438] [1441] [data_processor.cpp:38] Can't find the db, the path is /root/work/filestorage/wwg/Grounded-SAM-2/outputs/adetailer/dl-e1fac0b2e30f36708a84ef5ffe35db5e-r0-4e49af3ba7d1-0_69_20250722005956139_ascend_pt/PROF_000001_20250722085956147_RCGCGPKNBFQLPMEA/host/sqlite/host_disk_usage.db.
2025-07-22 09:00:02 [WARN] [1438] [1443] [data_processor.h:74] HCCS no data to inject to dataInventory
2025-07-22 09:00:02 [INFO] [1438] [1441] [data_processor.cpp:27] PCIE Run. Dir is /root/work/filestorage/wwg/Grounded-SAM-2/outputs/adetailer/dl-e1fac0b2e30f36708a84ef5ffe35db5e-r0-4e49af3ba7d1-0_69_20250722005956139_ascend_pt/PROF_000001_20250722085956147_RCGCGPKNBFQLPMEA
2025-07-22 09:00:02 [INFO] [1438] [1443] [data_processor.cpp:27] SIO Run. Dir is /root/work/filestorage/wwg/Grounded-SAM-2/outputs/adetailer/dl-e1fac0b2e30f36708a84ef5ffe35db5e-r0-4e49af3ba7d1-0_69_20250722005956139_ascend_pt/PROF_000001_20250722085956147_RCGCGPKNBFQLPMEA
2025-07-22 09:00:02 [INFO] [1438] [1441] [pcie_processor.cpp:47] PCIeProcessor Process, dir is /root/work/filestorage/wwg/Grounded-SAM-2/outputs/adetailer/dl-e1fac0b2e30f36708a84ef5ffe35db5e-r0-4e49af3ba7d1-0_69_20250722005956139_ascend_pt/PROF_000001_20250722085956147_RCGCGPKNBFQLPMEA
2025-07-22 09:00:02 [WARN] [1438] [1446] [data_processor.cpp:38] Can't find the db, the path is /root/work/filestorage/wwg/Grounded-SAM-2/outputs/adetailer/dl-e1fac0b2e30f36708a84ef5ffe35db5e-r0-4e49af3ba7d1-0_69_20250722005956139_ascend_pt/PROF_000001_20250722085956147_RCGCGPKNBFQLPMEA/host/sqlite/host_network_usage.db.
2025-07-22 09:00:02 [INFO] [1438] [1446] [data_processor.cpp:27] SOC Run. Dir is /root/work/filestorage/wwg/Grounded-SAM-2/outputs/adetailer/dl-e1fac0b2e30f36708a84ef5ffe35db5e-r0-4e49af3ba7d1-0_69_20250722005956139_ascend_pt/PROF_000001_20250722085956147_RCGCGPKNBFQLPMEA
2025-07-22 09:00:02 [WARN] [1438] [1442] [data_processor.cpp:38] Can't find the db, the path is /root/work/filestorage/wwg/Grounded-SAM-2/outputs/adetailer/dl-e1fac0b2e30f36708a84ef5ffe35db5e-r0-4e49af3ba7d1-0_69_20250722005956139_ascend_pt/PROF_000001_20250722085956147_RCGCGPKNBFQLPMEA/device_0/sqlite/ddr.db.
2025-07-22 09:00:02 [INFO] [1438] [1442] [data_processor.h:72] Save DDR data into dataInventory
2025-07-22 09:00:02 [WARN] [1438] [1442] [data_processor.h:74] DDR no data to inject to dataInventory
2025-07-22 09:00:02 [INFO] [1438] [1442] [data_processor.cpp:27] NIC Run. Dir is /root/work/filestorage/wwg/Grounded-SAM-2/outputs/adetailer/dl-e1fac0b2e30f36708a84ef5ffe35db5e-r0-4e49af3ba7d1-0_69_20250722005956139_ascend_pt/PROF_000001_20250722085956147_RCGCGPKNBFQLPMEA
2025-07-22 09:00:02 [INFO] [1438] [1444] [data_processor.cpp:54] Check /root/work/filestorage/wwg/Grounded-SAM-2/outputs/adetailer/dl-e1fac0b2e30f36708a84ef5ffe35db5e-r0-4e49af3ba7d1-0_69_20250722005956139_ascend_pt/PROF_000001_20250722085956147_RCGCGPKNBFQLPMEA/host/sqlite/ge_info.db and TaskInfo success.
2025-07-22 09:00:02 [INFO] [1438] [1444] [db_runner.h:71] Start query data
2025-07-22 09:00:02 [INFO] [1438] [1447] [data_processor.cpp:54] Check /root/work/filestorage/wwg/Grounded-SAM-2/outputs/adetailer/dl-e1fac0b2e30f36708a84ef5ffe35db5e-r0-4e49af3ba7d1-0_69_20250722005956139_ascend_pt/PROF_000001_20250722085956147_RCGCGPKNBFQLPMEA/device_0/sqlite/ascend_task.db and AscendTask success.
2025-07-22 09:00:02 [WARN] [1438] [1448] [data_processor.cpp:38] Can't find the db, the path is /root/work/filestorage/wwg/Grounded-SAM-2/outputs/adetailer/dl-e1fac0b2e30f36708a84ef5ffe35db5e-r0-4e49af3ba7d1-0_69_20250722005956139_ascend_pt/PROF_000001_20250722085956147_RCGCGPKNBFQLPMEA/device_0/sqlite/llc.db.
2025-07-22 09:00:02 [INFO] [1438] [1448] [data_processor.h:72] Save LLC data into dataInventory
2025-07-22 09:00:02 [WARN] [1438] [1448] [data_processor.h:74] LLC no data to inject to dataInventory
2025-07-22 09:00:02 [INFO] [1438] [1448] [data_processor.h:72] Save LLC data into dataInventory
2025-07-22 09:00:02 [WARN] [1438] [1448] [data_processor.h:74] LLC no data to inject to dataInventory
2025-07-22 09:00:02 [INFO] [1438] [1448] [data_processor.cpp:27] ROCE Run. Dir is /root/work/filestorage/wwg/Grounded-SAM-2/outputs/adetailer/dl-e1fac0b2e30f36708a84ef5ffe35db5e-r0-4e49af3ba7d1-0_69_20250722005956139_ascend_pt/PROF_000001_20250722085956147_RCGCGPKNBFQLPMEA
2025-07-22 09:00:02 [INFO] [1438] [1447] [db_runner.h:71] Start query data
2025-07-22 09:00:02 [WARN] [1438] [1442] [data_processor.cpp:38] Can't find the db, the path is /root/work/filestorage/wwg/Grounded-SAM-2/outputs/adetailer/dl-e1fac0b2e30f36708a84ef5ffe35db5e-r0-4e49af3ba7d1-0_69_20250722005956139_ascend_pt/PROF_000001_20250722085956147_RCGCGPKNBFQLPMEA/device_0/sqlite/nic.db.
2025-07-22 09:00:02 [WARN] [1438] [1442] [data_processor.cpp:38] Can't find the db, the path is /root/work/filestorage/wwg/Grounded-SAM-2/outputs/adetailer/dl-e1fac0b2e30f36708a84ef5ffe35db5e-r0-4e49af3ba7d1-0_69_20250722005956139_ascend_pt/PROF_000001_20250722085956147_RCGCGPKNBFQLPMEA/device_0/sqlite/nic.db.
2025-07-22 09:00:02 [INFO] [1438] [1442] [data_processor.h:72] Save NIC data into dataInventory
2025-07-22 09:00:02 [INFO] [1438] [1442] [data_processor.h:72] Save NIC data into dataInventory
2025-07-22 09:00:02 [INFO] [1438] [1442] [data_processor.cpp:27] QOS Run. Dir is /root/work/filestorage/wwg/Grounded-SAM-2/outputs/adetailer/dl-e1fac0b2e30f36708a84ef5ffe35db5e-r0-4e49af3ba7d1-0_69_20250722005956139_ascend_pt/PROF_000001_20250722085956147_RCGCGPKNBFQLPMEA
2025-07-22 09:00:02 [WARN] [1438] [1439] [data_processor.cpp:38] Can't find the db, the path is /root/work/filestorage/wwg/Grounded-SAM-2/outputs/adetailer/dl-e1fac0b2e30f36708a84ef5ffe35db5e-r0-4e49af3ba7d1-0_69_20250722005956139_ascend_pt/PROF_000001_20250722085956147_RCGCGPKNBFQLPMEA/device_0/sqlite/npu_mem.db.
2025-07-22 09:00:02 [WARN] [1438] [1443] [data_processor.cpp:38] Can't find the db, the path is /root/work/filestorage/wwg/Grounded-SAM-2/outputs/adetailer/dl-e1fac0b2e30f36708a84ef5ffe35db5e-r0-4e49af3ba7d1-0_69_20250722005956139_ascend_pt/PROF_000001_20250722085956147_RCGCGPKNBFQLPMEA/device_0/sqlite/sio.db.
2025-07-22 09:00:02 [INFO] [1438] [1439] [data_processor.h:72] Save NPU_MEM data into dataInventory
2025-07-22 09:00:02 [INFO] [1438] [1443] [data_processor.h:72] Save SIO data into dataInventory
2025-07-22 09:00:02 [WARN] [1438] [1439] [data_processor.h:74] NPU_MEM no data to inject to dataInventory
2025-07-22 09:00:02 [WARN] [1438] [1443] [data_processor.h:74] SIO no data to inject to dataInventory
2025-07-22 09:00:02 [INFO] [1438] [1439] [data_processor.cpp:27] MC2_COMM_INFO Run. Dir is /root/work/filestorage/wwg/Grounded-SAM-2/outputs/adetailer/dl-e1fac0b2e30f36708a84ef5ffe35db5e-r0-4e49af3ba7d1-0_69_20250722005956139_ascend_pt/PROF_000001_20250722085956147_RCGCGPKNBFQLPMEA
2025-07-22 09:00:02 [INFO] [1438] [1443] [data_processor.cpp:27] MEMCPY_INFO Run. Dir is /root/work/filestorage/wwg/Grounded-SAM-2/outputs/adetailer/dl-e1fac0b2e30f36708a84ef5ffe35db5e-r0-4e49af3ba7d1-0_69_20250722005956139_ascend_pt/PROF_000001_20250722085956147_RCGCGPKNBFQLPMEA
2025-07-22 09:00:02 [WARN] [1438] [1439] [data_processor.cpp:38] Can't find the db, the path is /root/work/filestorage/wwg/Grounded-SAM-2/outputs/adetailer/dl-e1fac0b2e30f36708a84ef5ffe35db5e-r0-4e49af3ba7d1-0_69_20250722005956139_ascend_pt/PROF_000001_20250722085956147_RCGCGPKNBFQLPMEA/host/sqlite/mc2_comm_info.db.
2025-07-22 09:00:02 [INFO] [1438] [1439] [data_processor.cpp:27] NPU_OP_MEM Run. Dir is /root/work/filestorage/wwg/Grounded-SAM-2/outputs/adetailer/dl-e1fac0b2e30f36708a84ef5ffe35db5e-r0-4e49af3ba7d1-0_69_20250722005956139_ascend_pt/PROF_000001_20250722085956147_RCGCGPKNBFQLPMEA
2025-07-22 09:00:02 [WARN] [1438] [1439] [data_processor.cpp:38] Can't find the db, the path is /root/work/filestorage/wwg/Grounded-SAM-2/outputs/adetailer/dl-e1fac0b2e30f36708a84ef5ffe35db5e-r0-4e49af3ba7d1-0_69_20250722005956139_ascend_pt/PROF_000001_20250722085956147_RCGCGPKNBFQLPMEA/host/sqlite/task_memory.db.
2025-07-22 09:00:02 [INFO] [1438] [1439] [data_processor.cpp:27] NPU_MODULE_MEM Run. Dir is /root/work/filestorage/wwg/Grounded-SAM-2/outputs/adetailer/dl-e1fac0b2e30f36708a84ef5ffe35db5e-r0-4e49af3ba7d1-0_69_20250722005956139_ascend_pt/PROF_000001_20250722085956147_RCGCGPKNBFQLPMEA
2025-07-22 09:00:02 [WARN] [1438] [1446] [data_processor.cpp:38] Can't find the db, the path is /root/work/filestorage/wwg/Grounded-SAM-2/outputs/adetailer/dl-e1fac0b2e30f36708a84ef5ffe35db5e-r0-4e49af3ba7d1-0_69_20250722005956139_ascend_pt/PROF_000001_20250722085956147_RCGCGPKNBFQLPMEA/device_0/sqlite/soc_profiler.db.
2025-07-22 09:00:02 [INFO] [1438] [1446] [data_processor.h:72] Save SOC data into dataInventory
2025-07-22 09:00:02 [WARN] [1438] [1446] [data_processor.h:74] SOC no data to inject to dataInventory
2025-07-22 09:00:02 [INFO] [1438] [1446] [data_processor.cpp:27] UNIFIED_PMU Run. Dir is /root/work/filestorage/wwg/Grounded-SAM-2/outputs/adetailer/dl-e1fac0b2e30f36708a84ef5ffe35db5e-r0-4e49af3ba7d1-0_69_20250722005956139_ascend_pt/PROF_000001_20250722085956147_RCGCGPKNBFQLPMEA
2025-07-22 09:00:02 [INFO] [1438] [1446] [unified_pmu_processor.cpp:81] TaskBasedProcess, dir is /root/work/filestorage/wwg/Grounded-SAM-2/outputs/adetailer/dl-e1fac0b2e30f36708a84ef5ffe35db5e-r0-4e49af3ba7d1-0_69_20250722005956139_ascend_pt/PROF_000001_20250722085956147_RCGCGPKNBFQLPMEA
2025-07-22 09:00:02 [WARN] [1438] [1441] [data_processor.cpp:38] Can't find the db, the path is /root/work/filestorage/wwg/Grounded-SAM-2/outputs/adetailer/dl-e1fac0b2e30f36708a84ef5ffe35db5e-r0-4e49af3ba7d1-0_69_20250722005956139_ascend_pt/PROF_000001_20250722085956147_RCGCGPKNBFQLPMEA/device_0/sqlite/pcie.db.
2025-07-22 09:00:02 [INFO] [1438] [1441] [data_processor.h:72] Save PCIE data into dataInventory
2025-07-22 09:00:02 [WARN] [1438] [1441] [data_processor.h:74] PCIE no data to inject to dataInventory
2025-07-22 09:00:02 [INFO] [1438] [1441] [data_processor.cpp:27] NIC_TIMELINE Run. Dir is /root/work/filestorage/wwg/Grounded-SAM-2/outputs/adetailer/dl-e1fac0b2e30f36708a84ef5ffe35db5e-r0-4e49af3ba7d1-0_69_20250722005956139_ascend_pt/PROF_000001_20250722085956147_RCGCGPKNBFQLPMEA
2025-07-22 09:00:02 [WARN] [1438] [1448] [data_processor.cpp:38] Can't find the db, the path is /root/work/filestorage/wwg/Grounded-SAM-2/outputs/adetailer/dl-e1fac0b2e30f36708a84ef5ffe35db5e-r0-4e49af3ba7d1-0_69_20250722005956139_ascend_pt/PROF_000001_20250722085956147_RCGCGPKNBFQLPMEA/device_0/sqlite/roce.db.
2025-07-22 09:00:02 [WARN] [1438] [1448] [data_processor.cpp:38] Can't find the db, the path is /root/work/filestorage/wwg/Grounded-SAM-2/outputs/adetailer/dl-e1fac0b2e30f36708a84ef5ffe35db5e-r0-4e49af3ba7d1-0_69_20250722005956139_ascend_pt/PROF_000001_20250722085956147_RCGCGPKNBFQLPMEA/device_0/sqlite/roce.db.
2025-07-22 09:00:02 [INFO] [1438] [1448] [data_processor.h:72] Save ROCE data into dataInventory
2025-07-22 09:00:02 [INFO] [1438] [1448] [data_processor.h:72] Save ROCE data into dataInventory
2025-07-22 09:00:02 [INFO] [1438] [1448] [data_processor.cpp:27] ROCE_TIMELINE Run. Dir is /root/work/filestorage/wwg/Grounded-SAM-2/outputs/adetailer/dl-e1fac0b2e30f36708a84ef5ffe35db5e-r0-4e49af3ba7d1-0_69_20250722005956139_ascend_pt/PROF_000001_20250722085956147_RCGCGPKNBFQLPMEA
2025-07-22 09:00:02 [WARN] [1438] [1442] [data_processor.cpp:38] Can't find the db, the path is /root/work/filestorage/wwg/Grounded-SAM-2/outputs/adetailer/dl-e1fac0b2e30f36708a84ef5ffe35db5e-r0-4e49af3ba7d1-0_69_20250722005956139_ascend_pt/PROF_000001_20250722085956147_RCGCGPKNBFQLPMEA/device_0/sqlite/qos.db.
2025-07-22 09:00:02 [INFO] [1438] [1442] [data_processor.h:72] Save QOS data into dataInventory
2025-07-22 09:00:02 [WARN] [1438] [1442] [data_processor.h:74] QOS no data to inject to dataInventory
2025-07-22 09:00:02 [INFO] [1438] [1445] [data_processor.cpp:54] Check /root/work/filestorage/wwg/Grounded-SAM-2/outputs/adetailer/dl-e1fac0b2e30f36708a84ef5ffe35db5e-r0-4e49af3ba7d1-0_69_20250722005956139_ascend_pt/PROF_000001_20250722085956147_RCGCGPKNBFQLPMEA/device_0/sqlite/freq.db and FreqParse success.
2025-07-22 09:00:02 [WARN] [1438] [1439] [data_processor.cpp:38] Can't find the db, the path is /root/work/filestorage/wwg/Grounded-SAM-2/outputs/adetailer/dl-e1fac0b2e30f36708a84ef5ffe35db5e-r0-4e49af3ba7d1-0_69_20250722005956139_ascend_pt/PROF_000001_20250722085956147_RCGCGPKNBFQLPMEA/device_0/sqlite/npu_module_mem.db.
2025-07-22 09:00:02 [INFO] [1438] [1445] [aicore_freq_processor.cpp:97] AicoreFreqProcessor GetData, dir is /root/work/filestorage/wwg/Grounded-SAM-2/outputs/adetailer/dl-e1fac0b2e30f36708a84ef5ffe35db5e-r0-4e49af3ba7d1-0_69_20250722005956139_ascend_pt/PROF_000001_20250722085956147_RCGCGPKNBFQLPMEA/device_0/sqlite/freq.db
2025-07-22 09:00:02 [INFO] [1438] [1439] [data_processor.h:72] Save NPU_MODULE_MEM data into dataInventory
2025-07-22 09:00:02 [INFO] [1438] [1445] [db_runner.h:71] Start query data
2025-07-22 09:00:02 [WARN] [1438] [1439] [data_processor.h:74] NPU_MODULE_MEM no data to inject to dataInventory
2025-07-22 09:00:02 [WARN] [1438] [1443] [connection.cpp:69] sqlite3_exec return 1, Failed to check: no such table: MemcpyInfo
2025-07-22 09:00:02 [WARN] [1438] [1443] [data_processor.cpp:50] Check MemcpyInfo not exists
2025-07-22 09:00:02 [WARN] [1438] [1448] [data_processor.cpp:38] Can't find the db, the path is /root/work/filestorage/wwg/Grounded-SAM-2/outputs/adetailer/dl-e1fac0b2e30f36708a84ef5ffe35db5e-r0-4e49af3ba7d1-0_69_20250722005956139_ascend_pt/PROF_000001_20250722085956147_RCGCGPKNBFQLPMEA/device_0/sqlite/rocereceivesend_table.db.
2025-07-22 09:00:02 [WARN] [1438] [1448] [sys_io_processor.cpp:213] No ROCE_TIMELINE data to save into dataInventory
2025-07-22 09:00:02 [WARN] [1438] [1441] [data_processor.cpp:38] Can't find the db, the path is /root/work/filestorage/wwg/Grounded-SAM-2/outputs/adetailer/dl-e1fac0b2e30f36708a84ef5ffe35db5e-r0-4e49af3ba7d1-0_69_20250722005956139_ascend_pt/PROF_000001_20250722085956147_RCGCGPKNBFQLPMEA/device_0/sqlite/nicreceivesend_table.db.
2025-07-22 09:00:02 [WARN] [1438] [1441] [sys_io_processor.cpp:213] No NIC_TIMELINE data to save into dataInventory
2025-07-22 09:00:02 [INFO] [1438] [1445] [db_runner.h:78] Query data success: SELECT syscnt, freq FROM FreqParse
2025-07-22 09:00:02 [INFO] [1438] [1445] [aicore_freq_processor.cpp:116] AicoreFreqProcessor FormatData.
2025-07-22 09:00:02 [INFO] [1438] [1445] [data_processor.h:72] Save AICORE_FREQ data into dataInventory
2025-07-22 09:00:02 [INFO] [1438] [1446] [data_processor.cpp:54] Check /root/work/filestorage/wwg/Grounded-SAM-2/outputs/adetailer/dl-e1fac0b2e30f36708a84ef5ffe35db5e-r0-4e49af3ba7d1-0_69_20250722005956139_ascend_pt/PROF_000001_20250722085956147_RCGCGPKNBFQLPMEA/device_0/sqlite/metric_summary.db and MetricSummary success.
2025-07-22 09:00:02 [INFO] [1438] [1446] [unified_pmu_processor.cpp:126] GetAndCheckTableColumns.
2025-07-22 09:00:02 [INFO] [1438] [1446] [db_runner.cpp:124] Start get MetricSummary headers
2025-07-22 09:00:02 [INFO] [1438] [1440] [data_processor.cpp:54] Check /root/work/filestorage/wwg/Grounded-SAM-2/outputs/adetailer/dl-e1fac0b2e30f36708a84ef5ffe35db5e-r0-4e49af3ba7d1-0_69_20250722005956139_ascend_pt/PROF_000001_20250722085956147_RCGCGPKNBFQLPMEA/host/sqlite/api_event.db and ApiData success.
2025-07-22 09:00:02 [INFO] [1438] [1440] [db_runner.h:71] Start query data
2025-07-22 09:00:02 [INFO] [1438] [1447] [db_runner.h:78] Query data success: SELECT a.start_time, a.duration, a.model_id, a.index_id, a.stream_id, a.task_id, a.context_id,a.batch_id, a.connection_id, a.host_task_type, a.device_task_type FROM AscendTask a WHERE a.device_task_type != 'UNKNOWN'
2025-07-22 09:00:02 [INFO] [1438] [1446] [db_runner.cpp:132] Get MetricSummary columns success
2025-07-22 09:00:02 [INFO] [1438] [1446] [unified_pmu_processor.cpp:172] This column[task_id] does not need to be processed.
2025-07-22 09:00:02 [INFO] [1438] [1446] [unified_pmu_processor.cpp:172] This column[stream_id] does not need to be processed.
2025-07-22 09:00:02 [INFO] [1438] [1446] [unified_pmu_processor.cpp:172] This column[subtask_id] does not need to be processed.
2025-07-22 09:00:02 [INFO] [1438] [1446] [unified_pmu_processor.cpp:172] This column[batch_id] does not need to be processed.
2025-07-22 09:00:02 [INFO] [1438] [1446] [unified_pmu_processor.cpp:186] GetTaskBasedData, dbPath is /root/work/filestorage/wwg/Grounded-SAM-2/outputs/adetailer/dl-e1fac0b2e30f36708a84ef5ffe35db5e-r0-4e49af3ba7d1-0_69_20250722005956139_ascend_pt/PROF_000001_20250722085956147_RCGCGPKNBFQLPMEA/device_0/sqlite/metric_summary.db, column name is aic_total_time.
2025-07-22 09:00:02 [INFO] [1438] [1446] [db_runner.h:71] Start query data
2025-07-22 09:00:02 [INFO] [1438] [1446] [db_runner.h:78] Query data success: SELECT stream_id, task_id, subtask_id,  batch_id, aic_total_time FROM MetricSummary
2025-07-22 09:00:02 [INFO] [1438] [1446] [unified_pmu_processor.cpp:235] FormatTaskBasedData.
2025-07-22 09:00:02 [INFO] [1438] [1446] [unified_pmu_processor.cpp:186] GetTaskBasedData, dbPath is /root/work/filestorage/wwg/Grounded-SAM-2/outputs/adetailer/dl-e1fac0b2e30f36708a84ef5ffe35db5e-r0-4e49af3ba7d1-0_69_20250722005956139_ascend_pt/PROF_000001_20250722085956147_RCGCGPKNBFQLPMEA/device_0/sqlite/metric_summary.db, column name is aic_total_cycles.
2025-07-22 09:00:02 [INFO] [1438] [1446] [db_runner.h:71] Start query data
2025-07-22 09:00:02 [INFO] [1438] [1444] [db_runner.h:78] Query data success: SELECT hashid, model_id, op_name, stream_id, task_id, block_dim, mix_block_dim, task_type, op_type, op_flag, batch_id, IFNULL(input_formats, 'NULL'), IFNULL(input_data_types, 'NULL'), IFNULL(input_shapes, 'NULL'), IFNULL(output_formats, 'NULL'), IFNULL(output_data_types, 'NULL'), IFNULL(output_shapes, 'NULL'), device_id, context_id, (case when op_state is 'N/A' then 'N/A' when op_state is '1' then 'dynamic' when op_state is '0' then 'static' end) FROM TaskInfo
2025-07-22 09:00:02 [INFO] [1438] [1446] [db_runner.h:78] Query data success: SELECT stream_id, task_id, subtask_id,  batch_id, aic_total_cycles FROM MetricSummary
2025-07-22 09:00:02 [INFO] [1438] [1446] [unified_pmu_processor.cpp:235] FormatTaskBasedData.
2025-07-22 09:00:02 [INFO] [1438] [1446] [unified_pmu_processor.cpp:186] GetTaskBasedData, dbPath is /root/work/filestorage/wwg/Grounded-SAM-2/outputs/adetailer/dl-e1fac0b2e30f36708a84ef5ffe35db5e-r0-4e49af3ba7d1-0_69_20250722005956139_ascend_pt/PROF_000001_20250722085956147_RCGCGPKNBFQLPMEA/device_0/sqlite/metric_summary.db, column name is aic_mac_time.
2025-07-22 09:00:02 [INFO] [1438] [1446] [db_runner.h:71] Start query data
2025-07-22 09:00:02 [INFO] [1438] [1444] [data_processor.h:72] Save COMPUTE_TASK_INFO data into dataInventory
2025-07-22 09:00:02 [INFO] [1438] [1446] [db_runner.h:78] Query data success: SELECT stream_id, task_id, subtask_id,  batch_id, aic_mac_time FROM MetricSummary
2025-07-22 09:00:02 [INFO] [1438] [1446] [unified_pmu_processor.cpp:235] FormatTaskBasedData.
2025-07-22 09:00:02 [INFO] [1438] [1446] [unified_pmu_processor.cpp:186] GetTaskBasedData, dbPath is /root/work/filestorage/wwg/Grounded-SAM-2/outputs/adetailer/dl-e1fac0b2e30f36708a84ef5ffe35db5e-r0-4e49af3ba7d1-0_69_20250722005956139_ascend_pt/PROF_000001_20250722085956147_RCGCGPKNBFQLPMEA/device_0/sqlite/metric_summary.db, column name is aic_mac_ratio_extra.
2025-07-22 09:00:02 [INFO] [1438] [1446] [db_runner.h:71] Start query data
2025-07-22 09:00:02 [INFO] [1438] [1440] [db_runner.h:78] Query data success: SELECT struct_type, id, level, thread_id, item_id, start, end, connection_id FROM ApiData
2025-07-22 09:00:02 [INFO] [1438] [1446] [db_runner.h:78] Query data success: SELECT stream_id, task_id, subtask_id,  batch_id, aic_mac_ratio_extra FROM MetricSummary
2025-07-22 09:00:02 [INFO] [1438] [1446] [unified_pmu_processor.cpp:235] FormatTaskBasedData.
2025-07-22 09:00:02 [INFO] [1438] [1446] [unified_pmu_processor.cpp:186] GetTaskBasedData, dbPath is /root/work/filestorage/wwg/Grounded-SAM-2/outputs/adetailer/dl-e1fac0b2e30f36708a84ef5ffe35db5e-r0-4e49af3ba7d1-0_69_20250722005956139_ascend_pt/PROF_000001_20250722085956147_RCGCGPKNBFQLPMEA/device_0/sqlite/metric_summary.db, column name is aic_scalar_time.
2025-07-22 09:00:02 [INFO] [1438] [1446] [db_runner.h:71] Start query data
2025-07-22 09:00:02 [INFO] [1438] [1446] [db_runner.h:78] Query data success: SELECT stream_id, task_id, subtask_id,  batch_id, aic_scalar_time FROM MetricSummary
2025-07-22 09:00:02 [INFO] [1438] [1446] [unified_pmu_processor.cpp:235] FormatTaskBasedData.
2025-07-22 09:00:02 [INFO] [1438] [1446] [unified_pmu_processor.cpp:186] GetTaskBasedData, dbPath is /root/work/filestorage/wwg/Grounded-SAM-2/outputs/adetailer/dl-e1fac0b2e30f36708a84ef5ffe35db5e-r0-4e49af3ba7d1-0_69_20250722005956139_ascend_pt/PROF_000001_20250722085956147_RCGCGPKNBFQLPMEA/device_0/sqlite/metric_summary.db, column name is aic_scalar_ratio.
2025-07-22 09:00:02 [INFO] [1438] [1446] [db_runner.h:71] Start query data
2025-07-22 09:00:02 [INFO] [1438] [1446] [db_runner.h:78] Query data success: SELECT stream_id, task_id, subtask_id,  batch_id, aic_scalar_ratio FROM MetricSummary
2025-07-22 09:00:02 [INFO] [1438] [1446] [unified_pmu_processor.cpp:235] FormatTaskBasedData.
2025-07-22 09:00:02 [INFO] [1438] [1446] [unified_pmu_processor.cpp:186] GetTaskBasedData, dbPath is /root/work/filestorage/wwg/Grounded-SAM-2/outputs/adetailer/dl-e1fac0b2e30f36708a84ef5ffe35db5e-r0-4e49af3ba7d1-0_69_20250722005956139_ascend_pt/PROF_000001_20250722085956147_RCGCGPKNBFQLPMEA/device_0/sqlite/metric_summary.db, column name is aic_mte1_time.
2025-07-22 09:00:02 [INFO] [1438] [1446] [db_runner.h:71] Start query data
2025-07-22 09:00:02 [INFO] [1438] [1447] [data_processor.h:61] There are 3205 records before TASK data filtering, filterTime is 1753145996323693000.
2025-07-22 09:00:02 [INFO] [1438] [1447] [data_processor.h:65] There are 3204 records after TASK data filtering.
2025-07-22 09:00:02 [INFO] [1438] [1447] [data_processor.h:72] Save TASK data into dataInventory
2025-07-22 09:00:02 [INFO] [1438] [1446] [db_runner.h:78] Query data success: SELECT stream_id, task_id, subtask_id,  batch_id, aic_mte1_time FROM MetricSummary
2025-07-22 09:00:02 [INFO] [1438] [1446] [unified_pmu_processor.cpp:235] FormatTaskBasedData.
2025-07-22 09:00:02 [INFO] [1438] [1446] [unified_pmu_processor.cpp:186] GetTaskBasedData, dbPath is /root/work/filestorage/wwg/Grounded-SAM-2/outputs/adetailer/dl-e1fac0b2e30f36708a84ef5ffe35db5e-r0-4e49af3ba7d1-0_69_20250722005956139_ascend_pt/PROF_000001_20250722085956147_RCGCGPKNBFQLPMEA/device_0/sqlite/metric_summary.db, column name is aic_mte1_ratio_extra.
2025-07-22 09:00:02 [INFO] [1438] [1446] [db_runner.h:71] Start query data
2025-07-22 09:00:02 [INFO] [1438] [1446] [db_runner.h:78] Query data success: SELECT stream_id, task_id, subtask_id,  batch_id, aic_mte1_ratio_extra FROM MetricSummary
2025-07-22 09:00:02 [INFO] [1438] [1446] [unified_pmu_processor.cpp:235] FormatTaskBasedData.
2025-07-22 09:00:02 [INFO] [1438] [1446] [unified_pmu_processor.cpp:186] GetTaskBasedData, dbPath is /root/work/filestorage/wwg/Grounded-SAM-2/outputs/adetailer/dl-e1fac0b2e30f36708a84ef5ffe35db5e-r0-4e49af3ba7d1-0_69_20250722005956139_ascend_pt/PROF_000001_20250722085956147_RCGCGPKNBFQLPMEA/device_0/sqlite/metric_summary.db, column name is aic_mte2_time.
2025-07-22 09:00:02 [INFO] [1438] [1446] [db_runner.h:71] Start query data
2025-07-22 09:00:02 [INFO] [1438] [1446] [db_runner.h:78] Query data success: SELECT stream_id, task_id, subtask_id,  batch_id, aic_mte2_time FROM MetricSummary
2025-07-22 09:00:02 [INFO] [1438] [1446] [unified_pmu_processor.cpp:235] FormatTaskBasedData.
2025-07-22 09:00:02 [INFO] [1438] [1446] [unified_pmu_processor.cpp:186] GetTaskBasedData, dbPath is /root/work/filestorage/wwg/Grounded-SAM-2/outputs/adetailer/dl-e1fac0b2e30f36708a84ef5ffe35db5e-r0-4e49af3ba7d1-0_69_20250722005956139_ascend_pt/PROF_000001_20250722085956147_RCGCGPKNBFQLPMEA/device_0/sqlite/metric_summary.db, column name is aic_mte2_ratio.
2025-07-22 09:00:02 [INFO] [1438] [1446] [db_runner.h:71] Start query data
2025-07-22 09:00:02 [INFO] [1438] [1446] [db_runner.h:78] Query data success: SELECT stream_id, task_id, subtask_id,  batch_id, aic_mte2_ratio FROM MetricSummary
2025-07-22 09:00:02 [INFO] [1438] [1446] [unified_pmu_processor.cpp:235] FormatTaskBasedData.
2025-07-22 09:00:02 [INFO] [1438] [1446] [unified_pmu_processor.cpp:186] GetTaskBasedData, dbPath is /root/work/filestorage/wwg/Grounded-SAM-2/outputs/adetailer/dl-e1fac0b2e30f36708a84ef5ffe35db5e-r0-4e49af3ba7d1-0_69_20250722005956139_ascend_pt/PROF_000001_20250722085956147_RCGCGPKNBFQLPMEA/device_0/sqlite/metric_summary.db, column name is aic_fixpipe_time.
2025-07-22 09:00:02 [INFO] [1438] [1446] [db_runner.h:71] Start query data
2025-07-22 09:00:02 [INFO] [1438] [1446] [db_runner.h:78] Query data success: SELECT stream_id, task_id, subtask_id,  batch_id, aic_fixpipe_time FROM MetricSummary
2025-07-22 09:00:02 [INFO] [1438] [1446] [unified_pmu_processor.cpp:235] FormatTaskBasedData.
2025-07-22 09:00:02 [INFO] [1438] [1446] [unified_pmu_processor.cpp:186] GetTaskBasedData, dbPath is /root/work/filestorage/wwg/Grounded-SAM-2/outputs/adetailer/dl-e1fac0b2e30f36708a84ef5ffe35db5e-r0-4e49af3ba7d1-0_69_20250722005956139_ascend_pt/PROF_000001_20250722085956147_RCGCGPKNBFQLPMEA/device_0/sqlite/metric_summary.db, column name is aic_fixpipe_ratio.
2025-07-22 09:00:02 [INFO] [1438] [1446] [db_runner.h:71] Start query data
2025-07-22 09:00:02 [INFO] [1438] [1446] [db_runner.h:78] Query data success: SELECT stream_id, task_id, subtask_id,  batch_id, aic_fixpipe_ratio FROM MetricSummary
2025-07-22 09:00:02 [INFO] [1438] [1446] [unified_pmu_processor.cpp:235] FormatTaskBasedData.
2025-07-22 09:00:02 [INFO] [1438] [1446] [unified_pmu_processor.cpp:186] GetTaskBasedData, dbPath is /root/work/filestorage/wwg/Grounded-SAM-2/outputs/adetailer/dl-e1fac0b2e30f36708a84ef5ffe35db5e-r0-4e49af3ba7d1-0_69_20250722005956139_ascend_pt/PROF_000001_20250722085956147_RCGCGPKNBFQLPMEA/device_0/sqlite/metric_summary.db, column name is aic_icache_miss_rate.
2025-07-22 09:00:02 [INFO] [1438] [1446] [db_runner.h:71] Start query data
2025-07-22 09:00:02 [INFO] [1438] [1446] [db_runner.h:78] Query data success: SELECT stream_id, task_id, subtask_id,  batch_id, aic_icache_miss_rate FROM MetricSummary
2025-07-22 09:00:02 [INFO] [1438] [1446] [unified_pmu_processor.cpp:235] FormatTaskBasedData.
2025-07-22 09:00:02 [INFO] [1438] [1446] [unified_pmu_processor.cpp:186] GetTaskBasedData, dbPath is /root/work/filestorage/wwg/Grounded-SAM-2/outputs/adetailer/dl-e1fac0b2e30f36708a84ef5ffe35db5e-r0-4e49af3ba7d1-0_69_20250722005956139_ascend_pt/PROF_000001_20250722085956147_RCGCGPKNBFQLPMEA/device_0/sqlite/metric_summary.db, column name is aiv_total_time.
2025-07-22 09:00:02 [INFO] [1438] [1446] [db_runner.h:71] Start query data
2025-07-22 09:00:02 [INFO] [1438] [1446] [db_runner.h:78] Query data success: SELECT stream_id, task_id, subtask_id,  batch_id, aiv_total_time FROM MetricSummary
2025-07-22 09:00:02 [INFO] [1438] [1446] [unified_pmu_processor.cpp:235] FormatTaskBasedData.
2025-07-22 09:00:02 [INFO] [1438] [1446] [unified_pmu_processor.cpp:186] GetTaskBasedData, dbPath is /root/work/filestorage/wwg/Grounded-SAM-2/outputs/adetailer/dl-e1fac0b2e30f36708a84ef5ffe35db5e-r0-4e49af3ba7d1-0_69_20250722005956139_ascend_pt/PROF_000001_20250722085956147_RCGCGPKNBFQLPMEA/device_0/sqlite/metric_summary.db, column name is aiv_total_cycles.
2025-07-22 09:00:02 [INFO] [1438] [1446] [db_runner.h:71] Start query data
2025-07-22 09:00:02 [INFO] [1438] [1446] [db_runner.h:78] Query data success: SELECT stream_id, task_id, subtask_id,  batch_id, aiv_total_cycles FROM MetricSummary
2025-07-22 09:00:02 [INFO] [1438] [1446] [unified_pmu_processor.cpp:235] FormatTaskBasedData.
2025-07-22 09:00:02 [INFO] [1438] [1446] [unified_pmu_processor.cpp:186] GetTaskBasedData, dbPath is /root/work/filestorage/wwg/Grounded-SAM-2/outputs/adetailer/dl-e1fac0b2e30f36708a84ef5ffe35db5e-r0-4e49af3ba7d1-0_69_20250722005956139_ascend_pt/PROF_000001_20250722085956147_RCGCGPKNBFQLPMEA/device_0/sqlite/metric_summary.db, column name is aiv_vec_time.
2025-07-22 09:00:02 [INFO] [1438] [1446] [db_runner.h:71] Start query data
2025-07-22 09:00:02 [INFO] [1438] [1446] [db_runner.h:78] Query data success: SELECT stream_id, task_id, subtask_id,  batch_id, aiv_vec_time FROM MetricSummary
2025-07-22 09:00:02 [INFO] [1438] [1446] [unified_pmu_processor.cpp:235] FormatTaskBasedData.
2025-07-22 09:00:02 [INFO] [1438] [1446] [unified_pmu_processor.cpp:186] GetTaskBasedData, dbPath is /root/work/filestorage/wwg/Grounded-SAM-2/outputs/adetailer/dl-e1fac0b2e30f36708a84ef5ffe35db5e-r0-4e49af3ba7d1-0_69_20250722005956139_ascend_pt/PROF_000001_20250722085956147_RCGCGPKNBFQLPMEA/device_0/sqlite/metric_summary.db, column name is aiv_vec_ratio.
2025-07-22 09:00:02 [INFO] [1438] [1446] [db_runner.h:71] Start query data
2025-07-22 09:00:03 [INFO] [1438] [1446] [db_runner.h:78] Query data success: SELECT stream_id, task_id, subtask_id,  batch_id, aiv_vec_ratio FROM MetricSummary
2025-07-22 09:00:03 [INFO] [1438] [1446] [unified_pmu_processor.cpp:235] FormatTaskBasedData.
2025-07-22 09:00:03 [INFO] [1438] [1446] [unified_pmu_processor.cpp:186] GetTaskBasedData, dbPath is /root/work/filestorage/wwg/Grounded-SAM-2/outputs/adetailer/dl-e1fac0b2e30f36708a84ef5ffe35db5e-r0-4e49af3ba7d1-0_69_20250722005956139_ascend_pt/PROF_000001_20250722085956147_RCGCGPKNBFQLPMEA/device_0/sqlite/metric_summary.db, column name is aiv_mac_time.
2025-07-22 09:00:03 [INFO] [1438] [1446] [db_runner.h:71] Start query data
2025-07-22 09:00:03 [INFO] [1438] [1446] [db_runner.h:78] Query data success: SELECT stream_id, task_id, subtask_id,  batch_id, aiv_mac_time FROM MetricSummary
2025-07-22 09:00:03 [INFO] [1438] [1446] [unified_pmu_processor.cpp:235] FormatTaskBasedData.
2025-07-22 09:00:03 [INFO] [1438] [1446] [unified_pmu_processor.cpp:186] GetTaskBasedData, dbPath is /root/work/filestorage/wwg/Grounded-SAM-2/outputs/adetailer/dl-e1fac0b2e30f36708a84ef5ffe35db5e-r0-4e49af3ba7d1-0_69_20250722005956139_ascend_pt/PROF_000001_20250722085956147_RCGCGPKNBFQLPMEA/device_0/sqlite/metric_summary.db, column name is aiv_mac_ratio.
2025-07-22 09:00:03 [INFO] [1438] [1446] [db_runner.h:71] Start query data
2025-07-22 09:00:03 [INFO] [1438] [1446] [db_runner.h:78] Query data success: SELECT stream_id, task_id, subtask_id,  batch_id, aiv_mac_ratio FROM MetricSummary
2025-07-22 09:00:03 [INFO] [1438] [1446] [unified_pmu_processor.cpp:235] FormatTaskBasedData.
2025-07-22 09:00:03 [INFO] [1438] [1446] [unified_pmu_processor.cpp:186] GetTaskBasedData, dbPath is /root/work/filestorage/wwg/Grounded-SAM-2/outputs/adetailer/dl-e1fac0b2e30f36708a84ef5ffe35db5e-r0-4e49af3ba7d1-0_69_20250722005956139_ascend_pt/PROF_000001_20250722085956147_RCGCGPKNBFQLPMEA/device_0/sqlite/metric_summary.db, column name is aiv_scalar_time.
2025-07-22 09:00:03 [INFO] [1438] [1446] [db_runner.h:71] Start query data
2025-07-22 09:00:03 [INFO] [1438] [1446] [db_runner.h:78] Query data success: SELECT stream_id, task_id, subtask_id,  batch_id, aiv_scalar_time FROM MetricSummary
2025-07-22 09:00:03 [INFO] [1438] [1446] [unified_pmu_processor.cpp:235] FormatTaskBasedData.
2025-07-22 09:00:03 [INFO] [1438] [1446] [unified_pmu_processor.cpp:186] GetTaskBasedData, dbPath is /root/work/filestorage/wwg/Grounded-SAM-2/outputs/adetailer/dl-e1fac0b2e30f36708a84ef5ffe35db5e-r0-4e49af3ba7d1-0_69_20250722005956139_ascend_pt/PROF_000001_20250722085956147_RCGCGPKNBFQLPMEA/device_0/sqlite/metric_summary.db, column name is aiv_scalar_ratio.
2025-07-22 09:00:03 [INFO] [1438] [1446] [db_runner.h:71] Start query data
2025-07-22 09:00:03 [INFO] [1438] [1446] [db_runner.h:78] Query data success: SELECT stream_id, task_id, subtask_id,  batch_id, aiv_scalar_ratio FROM MetricSummary
2025-07-22 09:00:03 [INFO] [1438] [1446] [unified_pmu_processor.cpp:235] FormatTaskBasedData.
2025-07-22 09:00:03 [INFO] [1438] [1446] [unified_pmu_processor.cpp:186] GetTaskBasedData, dbPath is /root/work/filestorage/wwg/Grounded-SAM-2/outputs/adetailer/dl-e1fac0b2e30f36708a84ef5ffe35db5e-r0-4e49af3ba7d1-0_69_20250722005956139_ascend_pt/PROF_000001_20250722085956147_RCGCGPKNBFQLPMEA/device_0/sqlite/metric_summary.db, column name is aiv_mte1_time.
2025-07-22 09:00:03 [INFO] [1438] [1446] [db_runner.h:71] Start query data
2025-07-22 09:00:03 [INFO] [1438] [1446] [db_runner.h:78] Query data success: SELECT stream_id, task_id, subtask_id,  batch_id, aiv_mte1_time FROM MetricSummary
2025-07-22 09:00:03 [INFO] [1438] [1446] [unified_pmu_processor.cpp:235] FormatTaskBasedData.
2025-07-22 09:00:03 [INFO] [1438] [1446] [unified_pmu_processor.cpp:186] GetTaskBasedData, dbPath is /root/work/filestorage/wwg/Grounded-SAM-2/outputs/adetailer/dl-e1fac0b2e30f36708a84ef5ffe35db5e-r0-4e49af3ba7d1-0_69_20250722005956139_ascend_pt/PROF_000001_20250722085956147_RCGCGPKNBFQLPMEA/device_0/sqlite/metric_summary.db, column name is aiv_mte1_ratio.
2025-07-22 09:00:03 [INFO] [1438] [1446] [db_runner.h:71] Start query data
2025-07-22 09:00:03 [INFO] [1438] [1446] [db_runner.h:78] Query data success: SELECT stream_id, task_id, subtask_id,  batch_id, aiv_mte1_ratio FROM MetricSummary
2025-07-22 09:00:03 [INFO] [1438] [1446] [unified_pmu_processor.cpp:235] FormatTaskBasedData.
2025-07-22 09:00:03 [INFO] [1438] [1446] [unified_pmu_processor.cpp:186] GetTaskBasedData, dbPath is /root/work/filestorage/wwg/Grounded-SAM-2/outputs/adetailer/dl-e1fac0b2e30f36708a84ef5ffe35db5e-r0-4e49af3ba7d1-0_69_20250722005956139_ascend_pt/PROF_000001_20250722085956147_RCGCGPKNBFQLPMEA/device_0/sqlite/metric_summary.db, column name is aiv_mte2_time.
2025-07-22 09:00:03 [INFO] [1438] [1446] [db_runner.h:71] Start query data
2025-07-22 09:00:03 [INFO] [1438] [1446] [db_runner.h:78] Query data success: SELECT stream_id, task_id, subtask_id,  batch_id, aiv_mte2_time FROM MetricSummary
2025-07-22 09:00:03 [INFO] [1438] [1446] [unified_pmu_processor.cpp:235] FormatTaskBasedData.
2025-07-22 09:00:03 [INFO] [1438] [1446] [unified_pmu_processor.cpp:186] GetTaskBasedData, dbPath is /root/work/filestorage/wwg/Grounded-SAM-2/outputs/adetailer/dl-e1fac0b2e30f36708a84ef5ffe35db5e-r0-4e49af3ba7d1-0_69_20250722005956139_ascend_pt/PROF_000001_20250722085956147_RCGCGPKNBFQLPMEA/device_0/sqlite/metric_summary.db, column name is aiv_mte2_ratio.
2025-07-22 09:00:03 [INFO] [1438] [1446] [db_runner.h:71] Start query data
2025-07-22 09:00:03 [INFO] [1438] [1446] [db_runner.h:78] Query data success: SELECT stream_id, task_id, subtask_id,  batch_id, aiv_mte2_ratio FROM MetricSummary
2025-07-22 09:00:03 [INFO] [1438] [1446] [unified_pmu_processor.cpp:235] FormatTaskBasedData.
2025-07-22 09:00:03 [INFO] [1438] [1446] [unified_pmu_processor.cpp:186] GetTaskBasedData, dbPath is /root/work/filestorage/wwg/Grounded-SAM-2/outputs/adetailer/dl-e1fac0b2e30f36708a84ef5ffe35db5e-r0-4e49af3ba7d1-0_69_20250722005956139_ascend_pt/PROF_000001_20250722085956147_RCGCGPKNBFQLPMEA/device_0/sqlite/metric_summary.db, column name is aiv_mte3_time.
2025-07-22 09:00:03 [INFO] [1438] [1446] [db_runner.h:71] Start query data
2025-07-22 09:00:03 [INFO] [1438] [1446] [db_runner.h:78] Query data success: SELECT stream_id, task_id, subtask_id,  batch_id, aiv_mte3_time FROM MetricSummary
2025-07-22 09:00:03 [INFO] [1438] [1446] [unified_pmu_processor.cpp:235] FormatTaskBasedData.
2025-07-22 09:00:03 [INFO] [1438] [1446] [unified_pmu_processor.cpp:186] GetTaskBasedData, dbPath is /root/work/filestorage/wwg/Grounded-SAM-2/outputs/adetailer/dl-e1fac0b2e30f36708a84ef5ffe35db5e-r0-4e49af3ba7d1-0_69_20250722005956139_ascend_pt/PROF_000001_20250722085956147_RCGCGPKNBFQLPMEA/device_0/sqlite/metric_summary.db, column name is aiv_mte3_ratio.
2025-07-22 09:00:03 [INFO] [1438] [1446] [db_runner.h:71] Start query data
2025-07-22 09:00:03 [INFO] [1438] [1446] [db_runner.h:78] Query data success: SELECT stream_id, task_id, subtask_id,  batch_id, aiv_mte3_ratio FROM MetricSummary
2025-07-22 09:00:03 [INFO] [1438] [1446] [unified_pmu_processor.cpp:235] FormatTaskBasedData.
2025-07-22 09:00:03 [INFO] [1438] [1446] [unified_pmu_processor.cpp:186] GetTaskBasedData, dbPath is /root/work/filestorage/wwg/Grounded-SAM-2/outputs/adetailer/dl-e1fac0b2e30f36708a84ef5ffe35db5e-r0-4e49af3ba7d1-0_69_20250722005956139_ascend_pt/PROF_000001_20250722085956147_RCGCGPKNBFQLPMEA/device_0/sqlite/metric_summary.db, column name is aiv_icache_miss_rate.
2025-07-22 09:00:03 [INFO] [1438] [1446] [db_runner.h:71] Start query data
2025-07-22 09:00:03 [INFO] [1438] [1446] [db_runner.h:78] Query data success: SELECT stream_id, task_id, subtask_id,  batch_id, aiv_icache_miss_rate FROM MetricSummary
2025-07-22 09:00:03 [INFO] [1438] [1446] [unified_pmu_processor.cpp:235] FormatTaskBasedData.
2025-07-22 09:00:03 [INFO] [1438] [1446] [data_processor.h:72] Save TASK_PMU_INFO data into dataInventory
2025-07-22 09:00:03 [INFO] [1438] [1440] [api_processor.cpp:35] There are 9977 records before API data filtering, filterTime is 1753145996323816000.
2025-07-22 09:00:03 [INFO] [1438] [1440] [api_processor.cpp:49] There are 9977 records after API data filtering.
2025-07-22 09:00:03 [INFO] [1438] [1440] [data_processor.h:72] Save API data into dataInventory
2025-07-22 09:00:03 [INFO] [1438] [1438] [export_manager.cpp:167] The report parameter is not used.
2025-07-22 09:00:03 [INFO] [1438] [1438] [timeline_manager.cpp:122] Start exporting timeline!
2025-07-22 09:00:03 [INFO] [1438] [1438] [file.cpp:395] The file not exists: /root/work/filestorage/wwg/Grounded-SAM-2/outputs/adetailer/dl-e1fac0b2e30f36708a84ef5ffe35db5e-r0-4e49af3ba7d1-0_69_20250722005956139_ascend_pt/PROF_000001_20250722085956147_RCGCGPKNBFQLPMEA/mindstudio_profiler_output/msprof_20250722090003.json.
2025-07-22 09:00:03 [INFO] [1438] [1450] [json_assembler.cpp:24] Begin to Assemble Acc PMU data
2025-07-22 09:00:03 [WARN] [1438] [1450] [acc_pmu_assembler.cpp:55] Can't get accPmuData from dataInventory
2025-07-22 09:00:03 [WARN] [1438] [1450] [json_assembler.cpp:36] No Acc PMU data, don't export deliverable!
2025-07-22 09:00:03 [INFO] [1438] [1451] [json_assembler.cpp:24] Begin to Assemble Task Scheduler data
2025-07-22 09:00:03 [INFO] [1438] [1450] [json_assembler.cpp:24] Begin to Assemble HBM data
2025-07-22 09:00:03 [INFO] [1438] [1452] [json_assembler.cpp:24] Begin to Assemble DDR data
2025-07-22 09:00:03 [WARN] [1438] [1450] [hbm_assembler.cpp:55] Can't get hbmData from dataInventory
2025-07-22 09:00:03 [INFO] [1438] [1456] [json_assembler.cpp:24] Begin to Assemble Communication data
2025-07-22 09:00:03 [INFO] [1438] [1454] [json_assembler.cpp:24] Begin to Assemble Stars Chip Trans data
2025-07-22 09:00:03 [WARN] [1438] [1456] [hccl_assembler.cpp:171] Can't get hccl(kfc) task data and hccl(kfc) op data from dataInventory
2025-07-22 09:00:03 [WARN] [1438] [1452] [ddr_assembler.cpp:54] Can't get ddrData from dataInventory
2025-07-22 09:00:03 [WARN] [1438] [1454] [chip_trans_assembler.cpp:83] Can't get paLinkInfoData from dataInventory
2025-07-22 09:00:03 [WARN] [1438] [1454] [json_assembler.cpp:36] No Stars Chip Trans data, don't export deliverable!
2025-07-22 09:00:03 [INFO] [1438] [1453] [json_assembler.cpp:24] Begin to Assemble HCCS data
2025-07-22 09:00:03 [WARN] [1438] [1456] [json_assembler.cpp:36] No Communication data, don't export deliverable!
2025-07-22 09:00:03 [INFO] [1438] [1449] [json_assembler.cpp:24] Begin to Assemble Network Usage data
2025-07-22 09:00:03 [WARN] [1438] [1453] [hccs_assembler.cpp:54] Can't get hccsData from dataInventory
2025-07-22 09:00:03 [INFO] [1438] [1454] [json_assembler.cpp:24] Begin to Assemble Disk Usage data
2025-07-22 09:00:03 [WARN] [1438] [1452] [json_assembler.cpp:36] No DDR data, don't export deliverable!
2025-07-22 09:00:03 [WARN] [1438] [1450] [json_assembler.cpp:36] No HBM data, don't export deliverable!
2025-07-22 09:00:03 [WARN] [1438] [1453] [json_assembler.cpp:36] No HCCS data, don't export deliverable!
2025-07-22 09:00:03 [INFO] [1438] [1455] [json_assembler.cpp:24] Begin to Assemble Memory Usage data
2025-07-22 09:00:03 [INFO] [1438] [1458] [json_assembler.cpp:24] Begin to Assemble Api data
2025-07-22 09:00:03 [INFO] [1438] [1456] [json_assembler.cpp:24] Begin to Assemble NPU MEM data
2025-07-22 09:00:03 [INFO] [1438] [1455] [host_usage_assembler.cpp:106] Begin to assemble Memory Usage data.
2025-07-22 09:00:03 [INFO] [1438] [1449] [host_usage_assembler.cpp:106] Begin to assemble Network Usage data.
2025-07-22 09:00:03 [WARN] [1438] [1456] [npu_mem_assembler.cpp:65] Can't get npuMemData from dataInventory
2025-07-22 09:00:03 [INFO] [1438] [1450] [json_assembler.cpp:24] Begin to Assemble Overlap Analysis data
2025-07-22 09:00:03 [WARN] [1438] [1456] [json_assembler.cpp:36] No NPU MEM data, don't export deliverable!
2025-07-22 09:00:03 [INFO] [1438] [1454] [host_usage_assembler.cpp:106] Begin to assemble Disk Usage data.
2025-07-22 09:00:03 [INFO] [1438] [1453] [json_assembler.cpp:24] Begin to Assemble MsprofTx data
2025-07-22 09:00:03 [WARN] [1438] [1450] [overlap_analysis_assembler.cpp:375] No comm task data found
2025-07-22 09:00:03 [INFO] [1438] [1457] [json_assembler.cpp:24] Begin to Assemble CPU Usage data
2025-07-22 09:00:03 [WARN] [1438] [1453] [msprof_tx_assembler.cpp:116] Can't get msprof_host_tx data from dataInventory
2025-07-22 09:00:03 [INFO] [1438] [1457] [host_usage_assembler.cpp:106] Begin to assemble CPU Usage data.
2025-07-22 09:00:03 [WARN] [1438] [1450] [overlap_analysis_assembler.cpp:379] No kfc op data found
2025-07-22 09:00:03 [WARN] [1438] [1453] [json_assembler.cpp:36] No MsprofTx data, don't export deliverable!
2025-07-22 09:00:03 [INFO] [1438] [1452] [json_assembler.cpp:24] Begin to Assemble PCIe data
2025-07-22 09:00:03 [INFO] [1438] [1453] [json_assembler.cpp:24] Begin to Assemble Stars Soc Info data
2025-07-22 09:00:03 [INFO] [1438] [1452] [pcie_assembler.cpp:69] Begin to assemble PCIe data.
2025-07-22 09:00:03 [WARN] [1438] [1453] [stars_soc_assembler.cpp:52] Can't get socBandwidthData from dataInventory
2025-07-22 09:00:03 [WARN] [1438] [1450] [overlap_analysis_assembler.cpp:383] No kfc comm info found
2025-07-22 09:00:03 [INFO] [1438] [1456] [json_assembler.cpp:24] Begin to Assemble SIO data
2025-07-22 09:00:03 [WARN] [1438] [1453] [json_assembler.cpp:36] No Stars Soc Info data, don't export deliverable!
2025-07-22 09:00:03 [WARN] [1438] [1456] [sio_assembler.cpp:69] Can't get sioData from dataInventory
2025-07-22 09:00:03 [INFO] [1438] [1453] [json_assembler.cpp:24] Begin to Assemble Step Trace data
2025-07-22 09:00:03 [WARN] [1438] [1456] [json_assembler.cpp:36] No SIO data, don't export deliverable!
2025-07-22 09:00:03 [WARN] [1438] [1452] [pcie_assembler.cpp:72] Can't get PCIe Data from dataInventory
2025-07-22 09:00:03 [WARN] [1438] [1453] [step_trace_assembler.cpp:252] Can't get step trace data from dataInventory
2025-07-22 09:00:03 [WARN] [1438] [1452] [json_assembler.cpp:36] No PCIe data, don't export deliverable!
2025-07-22 09:00:03 [INFO] [1438] [1452] [json_assembler.cpp:24] Begin to Assemble LLC data
2025-07-22 09:00:03 [WARN] [1438] [1453] [json_assembler.cpp:36] No Step Trace data, don't export deliverable!
2025-07-22 09:00:03 [INFO] [1438] [1456] [json_assembler.cpp:24] Begin to Assemble AI Core Freq data
2025-07-22 09:00:03 [WARN] [1438] [1452] [llc_assembler.cpp:70] Can't get LLcData from dataInventory
2025-07-22 09:00:03 [INFO] [1438] [1456] [aicore_freq_assembler.cpp:42] Begin to assemble AI Core Freq data.
2025-07-22 09:00:03 [INFO] [1438] [1453] [json_assembler.cpp:24] Begin to Assemble NIC data
2025-07-22 09:00:03 [WARN] [1438] [1452] [json_assembler.cpp:36] No LLC data, don't export deliverable!
2025-07-22 09:00:03 [WARN] [1438] [1453] [sys_io_assembler.cpp:78] Can't get SysIOReceiveSendData from dataInventory
2025-07-22 09:00:03 [WARN] [1438] [1453] [json_assembler.cpp:36] No NIC data, don't export deliverable!
2025-07-22 09:00:03 [INFO] [1438] [1452] [json_assembler.cpp:24] Begin to Assemble RoCE data
2025-07-22 09:00:03 [WARN] [1438] [1452] [sys_io_assembler.cpp:87] Can't get SysIOReceiveSendData from dataInventory
2025-07-22 09:00:03 [INFO] [1438] [1453] [json_assembler.cpp:24] Begin to Assemble QoS data
2025-07-22 09:00:03 [WARN] [1438] [1452] [json_assembler.cpp:36] No RoCE data, don't export deliverable!
2025-07-22 09:00:03 [WARN] [1438] [1453] [qos_assembler.cpp:61] Can't get qosData from dataInventory
2025-07-22 09:00:03 [WARN] [1438] [1453] [json_assembler.cpp:36] No QoS data, don't export deliverable!
2025-07-22 09:00:03 [INFO] [1438] [1452] [json_assembler.cpp:24] Begin to Assemble MsprofTx data
2025-07-22 09:00:03 [WARN] [1438] [1452] [device_tx_assembler.cpp:74] Can't get device_tx data from dataInventory
2025-07-22 09:00:03 [WARN] [1438] [1452] [json_assembler.cpp:36] No MsprofTx data, don't export deliverable!
2025-07-22 09:00:03 [INFO] [1438] [1456] [aicore_freq_assembler.cpp:60] Assemble AI Core Freq data success.
2025-07-22 09:00:03 [INFO] [1438] [1456] [json_assembler.cpp:32] Assemble AI Core Freq data success, begin to export
2025-07-22 09:00:03 [WARN] [1438] [1449] [host_usage_assembler.cpp:33] Can't get host network data from dataInventory.
2025-07-22 09:00:03 [WARN] [1438] [1457] [host_usage_assembler.cpp:87] Can't get host cpu data from dataInventory
2025-07-22 09:00:03 [WARN] [1438] [1449] [json_assembler.cpp:36] No Network Usage data, don't export deliverable!
2025-07-22 09:00:03 [WARN] [1438] [1457] [json_assembler.cpp:36] No CPU Usage data, don't export deliverable!
2025-07-22 09:00:03 [WARN] [1438] [1454] [host_usage_assembler.cpp:51] Can't get host disk data from dataInventory.
2025-07-22 09:00:03 [WARN] [1438] [1454] [json_assembler.cpp:36] No Disk Usage data, don't export deliverable!
2025-07-22 09:00:03 [WARN] [1438] [1455] [host_usage_assembler.cpp:69] Can't get host memory data from dataInventory
2025-07-22 09:00:03 [WARN] [1438] [1455] [json_assembler.cpp:36] No Memory Usage data, don't export deliverable!
2025-07-22 09:00:03 [INFO] [1438] [1450] [overlap_analysis_assembler.cpp:322] Find 0 comp tasks not in all tasks.
2025-07-22 09:00:03 [INFO] [1438] [1450] [time_logger.h:28] sort and union all comp task in overlap analysis for device 0 start
2025-07-22 09:00:03 [INFO] [1438] [1450] [time_logger.h:35] sort and union all comp task in overlap analysis for device 0 end, cost time = 0 ms
2025-07-22 09:00:03 [INFO] [1438] [1450] [time_logger.h:28] Generate comp events start
2025-07-22 09:00:03 [INFO] [1438] [1450] [time_logger.h:35] Generate comp events end, cost time = 1 ms
2025-07-22 09:00:03 [INFO] [1438] [1450] [time_logger.h:28] Generate comm events start
2025-07-22 09:00:03 [WARN] [1438] [1450] [overlap_analysis_assembler.cpp:77] No comm sections found for generate comm events.
2025-07-22 09:00:03 [INFO] [1438] [1450] [time_logger.h:35] Generate comm events end, cost time = 0 ms
2025-07-22 09:00:03 [INFO] [1438] [1450] [time_logger.h:28] Generate comm not overlap comp events start
2025-07-22 09:00:03 [WARN] [1438] [1450] [overlap_analysis_assembler.cpp:99] No comm sections found for generate comm not overlap comp events.
2025-07-22 09:00:03 [INFO] [1438] [1450] [time_logger.h:35] Generate comm not overlap comp events end, cost time = 0 ms
2025-07-22 09:00:03 [INFO] [1438] [1450] [time_logger.h:28] Generate free events start
2025-07-22 09:00:03 [INFO] [1438] [1450] [time_logger.h:35] Generate free events end, cost time = 2 ms
2025-07-22 09:00:03 [INFO] [1438] [1450] [time_logger.h:28] Dump overlap analysis events start
2025-07-22 09:00:03 [INFO] [1438] [1450] [time_logger.h:35] Dump overlap analysis events end, cost time = 3 ms
2025-07-22 09:00:03 [INFO] [1438] [1450] [json_assembler.cpp:32] Assemble Overlap Analysis data success, begin to export
2025-07-22 09:00:03 [INFO] [1438] [1451] [json_assembler.cpp:32] Assemble Task Scheduler data success, begin to export
2025-07-22 09:00:03 [INFO] [1438] [1458] [json_assembler.cpp:32] Assemble Api data success, begin to export
